2023-01-30 17:17:16,440 INFO    ======================================================================
2023-01-30 17:17:16,441 INFO    Survey 90, for Ouro Preto, Minas Gerais
2023-01-30 17:17:16,441 INFO    Searching by bounding box, max_zoom=24
2023-01-30 17:17:16,442 INFO    ----------------------------------------------------------------------
2023-01-30 17:17:16,442 INFO    Rectangle calculated: [-20.2519, -43.4372, -20.5229, -43.7846]
2023-01-30 17:17:16,443 INFO    Searching rectangle: zoom factor = 0, node = []
2023-01-30 17:17:17,688 INFO    Page 01 returned 18 listings
2023-01-30 17:17:18,641 INFO    Room 40755446: insert failed
2023-01-30 17:17:18,648 INFO    Room 45452801: insert failed
2023-01-30 17:17:18,654 INFO    Room 562077789327146603: insert failed
2023-01-30 17:17:18,659 INFO    Room 811376203986675036: insert failed
2023-01-30 17:17:18,666 INFO    Room 568273495067211791: insert failed
2023-01-30 17:17:18,672 INFO    Room 43805080: insert failed
2023-01-30 17:17:18,677 INFO    Room 552142717860208289: insert failed
2023-01-30 17:17:18,683 INFO    Room 36730592: insert failed
2023-01-30 17:17:18,689 INFO    Room 707167961845470444: insert failed
2023-01-30 17:17:18,695 INFO    Room 23413941: insert failed
2023-01-30 17:17:18,702 INFO    Room 810952007420578918: insert failed
2023-01-30 17:17:18,708 INFO    Room 47939876: insert failed
2023-01-30 17:17:18,714 INFO    Room 53006155: insert failed
2023-01-30 17:17:18,720 INFO    Room 714323517316563160: insert failed
2023-01-30 17:17:18,726 INFO    Room 570774194989594387: insert failed
2023-01-30 17:17:18,733 INFO    Room 787734071865852313: insert failed
2023-01-30 17:17:18,739 INFO    Room 794011987542751252: insert failed
2023-01-30 17:17:18,746 INFO    Room 33718911: insert failed
2023-01-30 17:17:18,747 INFO    Page 02 returned 18 listings
2023-01-30 17:17:19,627 INFO    Room 36730592: insert failed
2023-01-30 17:17:19,700 INFO    Room 714323517316563160: insert failed
2023-01-30 17:17:19,705 INFO    Room 53006155: insert failed
2023-01-30 17:17:19,711 INFO    Room 811376203986675036: insert failed
2023-01-30 17:17:19,711 INFO    Page 03 returned 18 listings
2023-01-30 17:17:19,961 WARNING HTTP status 403 from web site: IP address blocked. Waiting 0.1 minutes.
2023-01-30 17:17:27,794 INFO    Room 33718911: insert failed
2023-01-30 17:17:27,857 INFO    Page 04 returned 18 listings
2023-01-30 17:17:29,929 INFO    Page 05 returned 18 listings
