2023-04-10 16:55:46,931 INFO    ======================================================================
2023-04-10 16:55:46,932 INFO    Survey 240, for Ouro Preto, Minas Gerais
2023-04-10 16:55:46,933 INFO    Searching by bounding box, max_zoom=24
2023-04-10 16:55:46,933 INFO    ----------------------------------------------------------------------
2023-04-10 16:55:46,934 INFO    Rectangle calculated: [-20.2519, -43.4372, -20.5229, -43.7846]
2023-04-10 16:55:46,934 INFO    Searching rectangle: zoom factor = 0, node = []
2023-04-10 16:55:49,552 INFO    Page 01 returned 18 listings
2023-04-10 16:55:50,000 WARNING HTTP status 403 from web site: IP address blocked. Waiting 0.1 minutes.
2023-04-10 16:55:57,477 WARNING HTTP status 403 from web site: IP address blocked. Waiting 0.1 minutes.
2023-04-10 16:56:05,965 INFO    Page 02 returned 18 listings
2023-04-10 16:56:07,037 INFO    Page 03 returned 18 listings
2023-04-10 16:56:09,152 INFO    Page 04 returned 18 listings
2023-04-10 16:56:10,121 INFO    Page 05 returned 18 listings
2023-04-10 16:56:12,711 WARNING HTTP status 403 from web site: IP address blocked. Waiting 0.1 minutes.
2023-04-10 16:56:20,227 INFO    Page 06 returned 18 listings
2023-04-10 16:56:22,610 WARNING HTTP status 403 from web site: IP address blocked. Waiting 0.1 minutes.
2023-04-10 16:56:30,499 INFO    Page 07 returned 18 listings
2023-04-10 16:56:35,254 INFO    Page 08 returned 18 listings
2023-04-10 16:56:37,615 WARNING HTTP status 403 from web site: IP address blocked. Waiting 0.1 minutes.
2023-04-10 16:56:48,355 WARNING HTTP status 403 from web site: IP address blocked. Waiting 0.1 minutes.
2023-04-10 16:56:58,809 INFO    Page 09 returned 18 listings
2023-04-10 16:57:02,420 INFO    Page 10 returned 18 listings
2023-04-10 16:57:07,983 INFO    Page 11 returned 18 listings
2023-04-10 16:57:09,893 INFO    Page 12 returned 18 listings
2023-04-10 16:57:12,570 WARNING HTTP status 403 from web site: IP address blocked. Waiting 0.1 minutes.
2023-04-10 16:57:21,311 INFO    Page 13 returned 18 listings
2023-04-10 16:57:29,277 INFO    Page 14 returned 18 listings
2023-04-10 16:57:36,371 WARNING HTTP status 403 from web site: IP address blocked. Waiting 0.1 minutes.
2023-04-10 16:57:50,570 WARNING HTTP status 403 from web site: IP address blocked. Waiting 0.1 minutes.
2023-04-10 16:58:03,686 INFO    Page 15 returned 18 listings
2023-04-10 16:58:11,331 WARNING HTTP status 403 from web site: IP address blocked. Waiting 0.1 minutes.
2023-04-10 16:58:20,408 INFO    Page 16 returned 18 listings
2023-04-10 16:58:25,365 INFO    Page 17 returned 18 listings
2023-04-10 16:58:30,294 WARNING HTTP status 403 from web site: IP address blocked. Waiting 0.1 minutes.
2023-04-10 16:58:47,323 WARNING HTTP status 403 from web site: IP address blocked. Waiting 0.1 minutes.
2023-04-10 16:59:04,109 WARNING HTTP status 403 from web site: IP address blocked. Waiting 0.1 minutes.
2023-04-10 16:59:15,970 WARNING HTTP status 403 from web site: IP address blocked. Waiting 0.1 minutes.
2023-04-10 16:59:26,322 INFO    Page 18 returned 18 listings
2023-04-10 16:59:28,506 INFO    Page 19 returned 18 listings
2023-04-10 16:59:31,987 WARNING HTTP status 403 from web site: IP address blocked. Waiting 0.1 minutes.
2023-04-10 16:59:48,106 WARNING HTTP status 403 from web site: IP address blocked. Waiting 0.1 minutes.
2023-04-10 17:00:01,535 WARNING HTTP status 403 from web site: IP address blocked. Waiting 0.1 minutes.
2023-04-10 17:00:23,532 INFO    Page 20 returned 18 listings
2023-04-10 17:00:25,500 INFO    Page 21 returned 18 listings
2023-04-10 17:00:40,275 INFO    Page 22 returned 18 listings
2023-04-10 17:00:50,945 WARNING HTTP status 403 from web site: IP address blocked. Waiting 0.1 minutes.
2023-04-10 17:01:03,119 WARNING HTTP status 403 from web site: IP address blocked. Waiting 0.1 minutes.
2023-04-10 17:01:25,596 INFO    Page 23 returned 18 listings
2023-04-10 17:01:39,456 INFO    Page 24 returned 18 listings
2023-04-10 17:01:46,164 INFO    Page 25 returned 18 listings
2023-04-10 17:02:01,136 WARNING HTTP status 403 from web site: IP address blocked. Waiting 0.1 minutes.
2023-04-10 17:02:27,941 INFO    Page 26 returned 18 listings
2023-04-10 17:02:40,472 WARNING HTTP status 403 from web site: IP address blocked. Waiting 0.1 minutes.
2023-04-10 17:03:05,280 WARNING HTTP status 403 from web site: IP address blocked. Waiting 0.1 minutes.
2023-04-10 17:03:16,364 WARNING HTTP status 403 from web site: IP address blocked. Waiting 0.1 minutes.
2023-04-10 17:03:29,984 WARNING HTTP status 403 from web site: IP address blocked. Waiting 0.1 minutes.
2023-04-10 17:03:58,061 WARNING HTTP status 403 from web site: IP address blocked. Waiting 0.1 minutes.
2023-04-10 17:04:13,085 INFO    Page 27 returned 18 listings
2023-04-10 17:04:26,550 INFO    Page 28 returned 18 listings
2023-04-10 17:04:49,063 INFO    Page 29 returned 18 listings
2023-04-10 17:05:14,663 WARNING HTTP status 403 from web site: IP address blocked. Waiting 0.1 minutes.
2023-04-10 17:05:32,108 WARNING HTTP status 403 from web site: IP address blocked. Waiting 0.1 minutes.
2023-04-10 17:06:01,021 WARNING HTTP status 403 from web site: IP address blocked. Waiting 0.1 minutes.
2023-04-10 17:06:16,779 INFO    Page 30 returned 18 listings
2023-04-10 17:06:42,072 WARNING HTTP status 403 from web site: IP address blocked. Waiting 0.1 minutes.
2023-04-10 17:06:59,945 INFO    Page 31 returned 18 listings
2023-04-10 17:07:07,136 WARNING HTTP status 403 from web site: IP address blocked. Waiting 0.1 minutes.
2023-04-10 17:07:15,146 INFO    Page 32 returned 18 listings
2023-04-10 17:07:34,779 WARNING HTTP status 403 from web site: IP address blocked. Waiting 0.1 minutes.
2023-04-10 17:08:12,856 INFO    Page 33 returned 18 listings
2023-04-10 17:08:36,587 WARNING HTTP status 403 from web site: IP address blocked. Waiting 0.1 minutes.
2023-04-10 17:08:52,728 WARNING HTTP status 403 from web site: IP address blocked. Waiting 0.1 minutes.
2023-04-10 17:08:59,388 WARNING HTTP status 403 from web site: IP address blocked. Waiting 0.1 minutes.
2023-04-10 17:09:39,668 INFO    Page 34 returned 18 listings
2023-04-10 17:09:50,818 WARNING HTTP status 403 from web site: IP address blocked. Waiting 0.1 minutes.
2023-04-10 17:10:25,169 WARNING HTTP status 403 from web site: IP address blocked. Waiting 0.1 minutes.
2023-04-10 17:10:44,621 WARNING HTTP status 403 from web site: IP address blocked. Waiting 0.1 minutes.
2023-04-10 17:11:09,867 INFO    Page 35 returned 18 listings
2023-04-10 17:11:44,934 WARNING HTTP status 403 from web site: IP address blocked. Waiting 0.1 minutes.
2023-04-10 17:12:03,634 INFO    Page 36 returned 18 listings
2023-04-10 17:12:32,004 WARNING HTTP status 403 from web site: IP address blocked. Waiting 0.1 minutes.
2023-04-10 17:13:16,378 WARNING HTTP status 403 from web site: IP address blocked. Waiting 0.1 minutes.
2023-04-10 17:13:24,589 INFO    Page 37 returned 18 listings
2023-04-10 17:14:00,790 INFO    Page 38 returned 18 listings
2023-04-10 17:14:31,720 INFO    Page 39 returned 18 listings
2023-04-10 17:14:31,967 WARNING HTTP status 403 from web site: IP address blocked. Waiting 0.1 minutes.
2023-04-10 17:15:07,534 WARNING HTTP status 403 from web site: IP address blocked. Waiting 0.1 minutes.
2023-04-10 17:15:50,033 INFO    Page 40 returned 18 listings
2023-04-10 17:16:29,068 INFO    Page 41 returned 18 listings
2023-04-10 17:16:38,786 INFO    Page 42 returned 18 listings
2023-04-10 17:17:18,747 WARNING HTTP status 403 from web site: IP address blocked. Waiting 0.1 minutes.
2023-04-10 17:18:01,752 INFO    Page 43 returned 18 listings
2023-04-10 17:18:19,965 WARNING HTTP status 403 from web site: IP address blocked. Waiting 0.1 minutes.
2023-04-10 17:18:32,855 WARNING HTTP status 403 from web site: IP address blocked. Waiting 0.1 minutes.
2023-04-10 17:19:00,236 INFO    Page 44 returned 18 listings
2023-04-10 17:19:08,820 INFO    Page 45 returned 18 listings
2023-04-10 17:19:56,003 WARNING HTTP status 403 from web site: IP address blocked. Waiting 0.1 minutes.
2023-04-10 17:20:41,442 WARNING HTTP status 403 from web site: IP address blocked. Waiting 0.1 minutes.
2023-04-10 17:21:32,930 INFO    Page 46 returned 18 listings
2023-04-10 17:21:59,378 WARNING HTTP status 403 from web site: IP address blocked. Waiting 0.1 minutes.
2023-04-10 17:22:12,186 WARNING HTTP status 403 from web site: IP address blocked. Waiting 0.1 minutes.
2023-04-10 17:22:39,190 INFO    Page 47 returned 18 listings
2023-04-10 17:22:43,794 WARNING HTTP status 403 from web site: IP address blocked. Waiting 0.1 minutes.
2023-04-10 17:23:33,136 INFO    Page 48 returned 18 listings
2023-04-10 17:24:25,317 INFO    Page 49 returned 18 listings
2023-04-10 17:24:56,959 INFO    Page 50 returned 18 listings
2023-04-10 17:24:56,968 INFO    Results: 50 pages, 304 new rooms
2023-04-10 17:24:57,261 INFO    ----------------------------------------------------------------------
2023-04-10 17:24:57,292 INFO    Rectangle calculated: [-20.2519, -43.4372, -20.3874, -43.6109]
2023-04-10 17:24:57,293 INFO    Searching rectangle: zoom factor = 1, node = [[0, 0]]
2023-04-10 17:25:47,188 INFO    Page 01 returned 18 listings
2023-04-10 17:26:11,423 INFO    Page 02 returned 18 listings
2023-04-10 17:26:35,223 WARNING HTTP status 403 from web site: IP address blocked. Waiting 0.1 minutes.
2023-04-10 17:27:26,838 WARNING HTTP status 403 from web site: IP address blocked. Waiting 0.1 minutes.
2023-04-10 17:28:00,677 INFO    Page 03 returned 18 listings
2023-04-10 17:28:37,230 WARNING HTTP status 403 from web site: IP address blocked. Waiting 0.1 minutes.
2023-04-10 17:29:21,488 INFO    Page 04 returned 18 listings
2023-04-10 17:29:59,483 WARNING HTTP status 403 from web site: IP address blocked. Waiting 0.1 minutes.
2023-04-10 17:30:21,982 INFO    Page 05 returned 18 listings
2023-04-10 17:30:42,393 INFO    Page 06 returned 18 listings
2023-04-10 17:31:10,605 INFO    Page 07 returned 18 listings
2023-04-10 17:31:18,945 WARNING HTTP status 403 from web site: IP address blocked. Waiting 0.1 minutes.
2023-04-10 17:31:29,141 INFO    Page 08 returned 18 listings
2023-04-10 17:31:34,611 INFO    Page 09 returned 18 listings
2023-04-10 17:31:59,090 WARNING HTTP status 403 from web site: IP address blocked. Waiting 0.1 minutes.
2023-04-10 17:32:38,732 INFO    Page 10 returned 18 listings
2023-04-10 17:33:13,469 INFO    Page 11 returned 18 listings
2023-04-10 17:33:51,953 WARNING HTTP status 403 from web site: IP address blocked. Waiting 0.1 minutes.
2023-04-10 17:34:05,995 INFO    Page 12 returned 18 listings
2023-04-10 17:34:32,354 WARNING HTTP status 403 from web site: IP address blocked. Waiting 0.1 minutes.
2023-04-10 17:34:52,031 INFO    Page 13 returned 18 listings
2023-04-10 17:35:42,795 ERROR   Exception in get_search_page_info_rectangle
Traceback (most recent call last):
  File "C:\mono\airbnb-data-collection\airbnb_listing.py", line 158, in save
    self.__insert()
  File "C:\mono\airbnb-data-collection\airbnb_listing.py", line 247, in __insert
    cur.execute(sql, insert_args)
psycopg2.errors.InvalidTextRepresentation: invalid input syntax for type double precision: "29,747"
LINE 12:                 6, 3, 1.0, '29,747', 0, 2,  -20.38482,  -43....
                                    ^


During handling of the above exception, another exception occurred:

Traceback (most recent call last):
  File "C:\mono\airbnb-data-collection\airbnb_survey.py", line 809, in search_node
    if listing.save(self.config.FLAGS_INSERT_NO_REPLACE):
       ^^^^^^^^^^^^^^^^^^^^^^^^^^^^^^^^^^^^^^^^^^^^^^^^^
  File "C:\mono\airbnb-data-collection\airbnb_listing.py", line 168, in save
    self.config.connection.conn.rollback()
    ^^^^^^^^^^^^^^^^^^^^^^^^^^^
AttributeError: 'psycopg2.extensions.connection' object has no attribute 'conn'
2023-04-10 17:35:42,799 ERROR   Error in recurse_quadtree
Traceback (most recent call last):
  File "C:\mono\airbnb-data-collection\airbnb_listing.py", line 158, in save
    self.__insert()
  File "C:\mono\airbnb-data-collection\airbnb_listing.py", line 247, in __insert
    cur.execute(sql, insert_args)
psycopg2.errors.InvalidTextRepresentation: invalid input syntax for type double precision: "29,747"
LINE 12:                 6, 3, 1.0, '29,747', 0, 2,  -20.38482,  -43....
                                    ^


During handling of the above exception, another exception occurred:

Traceback (most recent call last):
  File "C:\mono\airbnb-data-collection\airbnb_survey.py", line 525, in recurse_quadtree
    (zoomable, median_leaf) = self.search_node(
                              ^^^^^^^^^^^^^^^^^
  File "C:\mono\airbnb-data-collection\airbnb_survey.py", line 809, in search_node
    if listing.save(self.config.FLAGS_INSERT_NO_REPLACE):
       ^^^^^^^^^^^^^^^^^^^^^^^^^^^^^^^^^^^^^^^^^^^^^^^^^
  File "C:\mono\airbnb-data-collection\airbnb_listing.py", line 168, in save
    self.config.connection.conn.rollback()
    ^^^^^^^^^^^^^^^^^^^^^^^^^^^
AttributeError: 'psycopg2.extensions.connection' object has no attribute 'conn'
2023-04-10 17:35:42,802 ERROR   Error in recurse_quadtree
Traceback (most recent call last):
  File "C:\mono\airbnb-data-collection\airbnb_listing.py", line 158, in save
    self.__insert()
  File "C:\mono\airbnb-data-collection\airbnb_listing.py", line 247, in __insert
    cur.execute(sql, insert_args)
psycopg2.errors.InvalidTextRepresentation: invalid input syntax for type double precision: "29,747"
LINE 12:                 6, 3, 1.0, '29,747', 0, 2,  -20.38482,  -43....
                                    ^


During handling of the above exception, another exception occurred:

Traceback (most recent call last):
  File "C:\mono\airbnb-data-collection\airbnb_survey.py", line 543, in recurse_quadtree
    self.recurse_quadtree(quadtree_node, median_node,
  File "C:\mono\airbnb-data-collection\airbnb_survey.py", line 525, in recurse_quadtree
    (zoomable, median_leaf) = self.search_node(
                              ^^^^^^^^^^^^^^^^^
  File "C:\mono\airbnb-data-collection\airbnb_survey.py", line 809, in search_node
    if listing.save(self.config.FLAGS_INSERT_NO_REPLACE):
       ^^^^^^^^^^^^^^^^^^^^^^^^^^^^^^^^^^^^^^^^^^^^^^^^^
  File "C:\mono\airbnb-data-collection\airbnb_listing.py", line 168, in save
    self.config.connection.conn.rollback()
    ^^^^^^^^^^^^^^^^^^^^^^^^^^^
AttributeError: 'psycopg2.extensions.connection' object has no attribute 'conn'
2023-04-10 17:35:42,806 ERROR   Error
Traceback (most recent call last):
  File "C:\mono\airbnb-data-collection\airbnb_listing.py", line 158, in save
    self.__insert()
  File "C:\mono\airbnb-data-collection\airbnb_listing.py", line 247, in __insert
    cur.execute(sql, insert_args)
psycopg2.errors.InvalidTextRepresentation: invalid input syntax for type double precision: "29,747"
LINE 12:                 6, 3, 1.0, '29,747', 0, 2,  -20.38482,  -43....
                                    ^


During handling of the above exception, another exception occurred:

Traceback (most recent call last):
  File "C:\mono\airbnb-data-collection\airbnb_survey.py", line 463, in search
    self.recurse_quadtree(quadtree_node, median_node, None, flag)
  File "C:\mono\airbnb-data-collection\airbnb_survey.py", line 543, in recurse_quadtree
    self.recurse_quadtree(quadtree_node, median_node,
  File "C:\mono\airbnb-data-collection\airbnb_survey.py", line 525, in recurse_quadtree
    (zoomable, median_leaf) = self.search_node(
                              ^^^^^^^^^^^^^^^^^
  File "C:\mono\airbnb-data-collection\airbnb_survey.py", line 809, in search_node
    if listing.save(self.config.FLAGS_INSERT_NO_REPLACE):
       ^^^^^^^^^^^^^^^^^^^^^^^^^^^^^^^^^^^^^^^^^^^^^^^^^
  File "C:\mono\airbnb-data-collection\airbnb_listing.py", line 168, in save
    self.config.connection.conn.rollback()
    ^^^^^^^^^^^^^^^^^^^^^^^^^^^
AttributeError: 'psycopg2.extensions.connection' object has no attribute 'conn'
2023-04-10 17:35:42,812 INFO    Initialing search by overall satisfactions
2023-04-10 17:36:29,500 INFO    Searching for comodities
2023-04-10 17:37:07,867 INFO    Searching for comodities
2023-04-10 17:37:40,775 INFO    Searching for comodities
2023-04-10 17:38:16,505 INFO    Searching for comodities
2023-04-10 17:38:49,804 INFO    Searching for comodities
2023-04-10 17:39:22,635 INFO    Searching for comodities
2023-04-10 17:40:14,283 INFO    Searching for comodities
2023-04-10 17:40:51,085 INFO    Searching for comodities
2023-04-10 17:41:23,855 INFO    Searching for comodities
2023-04-10 17:41:57,213 INFO    Searching for comodities
2023-04-10 17:42:30,206 INFO    Searching for comodities
2023-04-10 17:43:03,654 INFO    Searching for comodities
2023-04-10 17:43:56,902 INFO    Searching for comodities
2023-04-10 17:44:33,500 INFO    Searching for comodities
2023-04-10 17:45:06,077 INFO    Searching for comodities
2023-04-10 17:45:38,255 INFO    Searching for comodities
2023-04-10 17:46:11,168 INFO    Searching for comodities
2023-04-10 17:46:45,120 INFO    Searching for comodities
2023-04-10 17:47:38,492 INFO    Searching for comodities
2023-04-10 17:48:15,158 INFO    Searching for comodities
2023-04-10 17:48:47,563 INFO    Searching for comodities
2023-04-10 17:49:20,694 INFO    Searching for comodities
2023-04-10 17:49:53,677 INFO    Searching for comodities
2023-04-10 17:50:26,310 INFO    Searching for comodities
2023-04-10 17:51:19,797 INFO    Searching for comodities
2023-04-10 17:51:56,137 INFO    Searching for comodities
2023-04-10 17:52:28,989 INFO    Searching for comodities
2023-04-10 17:53:06,148 INFO    Searching for comodities
2023-04-10 17:53:39,550 INFO    Searching for comodities
2023-04-10 17:54:12,131 INFO    Searching for comodities
2023-04-10 17:55:05,120 INFO    Searching for comodities
2023-04-10 17:55:41,264 INFO    Searching for comodities
2023-04-10 17:56:14,276 INFO    Searching for comodities
2023-04-10 17:56:47,967 INFO    Searching for comodities
2023-04-10 17:57:20,256 INFO    Searching for comodities
2023-04-10 17:57:52,676 INFO    Searching for comodities
2023-04-10 17:58:45,313 INFO    Searching for comodities
2023-04-10 17:59:21,607 INFO    Searching for comodities
2023-04-10 17:59:54,174 INFO    Searching for comodities
2023-04-10 18:00:26,954 INFO    Searching for comodities
2023-04-10 18:00:59,798 INFO    Searching for comodities
2023-04-10 18:01:32,813 INFO    Searching for comodities
2023-04-10 18:02:26,114 INFO    Searching for comodities
2023-04-10 18:03:05,319 INFO    Searching for comodities
2023-04-10 18:03:39,073 INFO    Searching for comodities
2023-04-10 18:04:12,013 INFO    Searching for comodities
2023-04-10 18:04:44,775 INFO    Searching for comodities
2023-04-10 18:05:16,930 INFO    Searching for comodities
2023-04-10 18:06:09,969 INFO    Searching for comodities
2023-04-10 18:06:46,453 INFO    Searching for comodities
2023-04-10 18:07:19,710 INFO    Searching for comodities
2023-04-10 18:07:51,887 INFO    Searching for comodities
2023-04-10 18:08:25,451 INFO    Searching for comodities
2023-04-10 18:08:58,178 INFO    Searching for comodities
2023-04-10 18:09:51,055 INFO    Searching for comodities
2023-04-10 18:10:28,042 INFO    Searching for comodities
2023-04-10 18:11:00,282 INFO    Searching for comodities
2023-04-10 18:11:32,892 INFO    Searching for comodities
2023-04-10 18:12:04,973 INFO    Searching for comodities
2023-04-10 18:12:37,381 INFO    Searching for comodities
2023-04-10 18:13:30,111 INFO    Searching for comodities
2023-04-10 18:14:06,893 INFO    Searching for comodities
2023-04-10 18:14:39,686 INFO    Searching for comodities
2023-04-10 18:15:12,594 INFO    Searching for comodities
2023-04-10 18:15:45,813 INFO    Searching for comodities
2023-04-10 18:16:19,687 INFO    Searching for comodities
2023-04-10 18:17:12,337 INFO    Searching for comodities
2023-04-10 18:17:50,952 INFO    Searching for comodities
2023-04-10 18:18:23,331 INFO    Searching for comodities
2023-04-10 18:18:55,685 INFO    Searching for comodities
2023-04-10 18:19:28,025 INFO    Searching for comodities
2023-04-10 18:20:12,020 INFO    Searching for comodities
2023-04-10 18:21:05,194 INFO    Searching for comodities
2023-04-10 18:21:41,298 INFO    Searching for comodities
2023-04-10 18:22:15,237 INFO    Searching for comodities
2023-04-10 18:22:47,707 INFO    Searching for comodities
2023-04-10 18:23:20,522 INFO    Searching for comodities
2023-04-10 18:23:52,922 INFO    Searching for comodities
2023-04-10 18:24:45,744 INFO    Searching for comodities
2023-04-10 18:25:23,713 INFO    Searching for comodities
2023-04-10 18:25:56,288 INFO    Searching for comodities
2023-04-10 18:26:28,578 INFO    Searching for comodities
2023-04-10 18:27:01,927 INFO    Searching for comodities
2023-04-10 18:27:34,113 INFO    Searching for comodities
2023-04-10 18:28:26,673 INFO    Searching for comodities
2023-04-10 18:29:03,965 INFO    Searching for comodities
2023-04-10 18:29:36,011 INFO    Searching for comodities
2023-04-10 18:30:07,925 INFO    Searching for comodities
2023-04-10 18:30:40,119 INFO    Searching for comodities
2023-04-10 18:31:12,613 INFO    Searching for comodities
2023-04-10 18:32:05,651 INFO    Searching for comodities
2023-04-10 18:32:41,652 INFO    Searching for comodities
2023-04-10 18:33:14,068 INFO    Searching for comodities
2023-04-10 18:33:45,890 INFO    Searching for comodities
2023-04-10 18:34:18,173 INFO    Searching for comodities
2023-04-10 18:34:50,734 INFO    Searching for comodities
2023-04-10 18:35:45,363 INFO    Searching for comodities
2023-04-10 18:36:28,609 INFO    Searching for comodities
2023-04-10 18:37:06,260 INFO    Searching for comodities
2023-04-10 18:37:39,692 INFO    Searching for comodities
2023-04-10 18:38:12,163 INFO    Searching for comodities
2023-04-10 18:38:46,692 INFO    Searching for comodities
2023-04-10 18:39:39,724 INFO    Searching for comodities
2023-04-10 18:40:16,029 INFO    Searching for comodities
2023-04-10 18:40:47,968 INFO    Searching for comodities
2023-04-10 18:41:20,382 INFO    Searching for comodities
2023-04-10 18:41:52,801 INFO    Searching for comodities
2023-04-10 18:42:25,211 INFO    Searching for comodities
2023-04-10 18:43:17,913 INFO    Searching for comodities
2023-04-10 18:43:54,185 INFO    Searching for comodities
2023-04-10 18:44:26,572 INFO    Searching for comodities
2023-04-10 18:44:59,714 INFO    Searching for comodities
2023-04-10 18:45:31,816 INFO    Searching for comodities
2023-04-10 18:46:04,125 INFO    Searching for comodities
2023-04-10 18:46:57,020 INFO    Searching for comodities
2023-04-10 18:47:34,167 INFO    Searching for comodities
2023-04-10 18:48:06,277 INFO    Searching for comodities
2023-04-10 18:48:38,899 INFO    Searching for comodities
2023-04-10 18:49:11,482 INFO    Searching for comodities
2023-04-10 18:49:43,873 INFO    Searching for comodities
2023-04-10 18:50:37,119 INFO    Searching for comodities
2023-04-10 18:51:13,765 INFO    Searching for comodities
2023-04-10 18:51:46,757 INFO    Searching for comodities
2023-04-10 18:52:18,752 INFO    Searching for comodities
2023-04-10 18:52:51,074 INFO    Searching for comodities
2023-04-10 18:53:25,087 INFO    Searching for comodities
2023-04-10 18:54:17,928 INFO    Searching for comodities
2023-04-10 18:54:54,004 INFO    Searching for comodities
2023-04-10 18:55:26,387 INFO    Searching for comodities
2023-04-10 18:55:59,111 INFO    Searching for comodities
2023-04-10 18:56:31,333 INFO    Searching for comodities
2023-04-10 18:57:03,810 INFO    Searching for comodities
2023-04-10 18:57:57,276 INFO    Searching for comodities
2023-04-10 18:58:35,707 INFO    Searching for comodities
2023-04-10 18:59:10,305 INFO    Searching for comodities
2023-04-10 18:59:42,983 INFO    Searching for comodities
2023-04-10 19:00:15,657 INFO    Searching for comodities
2023-04-10 19:00:47,776 INFO    Searching for comodities
2023-04-10 19:01:41,091 INFO    Searching for comodities
2023-04-10 19:02:18,393 INFO    Searching for comodities
2023-04-10 19:02:53,724 INFO    Searching for comodities
2023-04-10 19:03:26,723 INFO    Searching for comodities
2023-04-10 19:03:58,991 INFO    Searching for comodities
2023-04-10 19:04:31,720 INFO    Searching for comodities
2023-04-10 19:05:24,542 INFO    Searching for comodities
2023-04-10 19:06:01,194 INFO    Searching for comodities
2023-04-10 19:06:33,970 INFO    Searching for comodities
2023-04-10 19:07:07,439 INFO    Searching for comodities
2023-04-10 19:07:40,101 INFO    Searching for comodities
2023-04-10 19:08:12,600 INFO    Searching for comodities
2023-04-10 19:09:05,108 INFO    Searching for comodities
2023-04-10 19:09:41,312 INFO    Searching for comodities
2023-04-10 19:10:13,752 INFO    Searching for comodities
2023-04-10 19:10:46,573 INFO    Searching for comodities
2023-04-10 19:11:19,138 INFO    Searching for comodities
2023-04-10 19:11:51,248 INFO    Searching for comodities
2023-04-10 19:12:45,400 INFO    Searching for comodities
2023-04-10 19:13:21,981 INFO    Searching for comodities
2023-04-10 19:13:54,029 INFO    Searching for comodities
2023-04-10 19:14:26,836 INFO    Searching for comodities
2023-04-10 19:14:59,240 INFO    Searching for comodities
2023-04-10 19:15:31,646 INFO    Searching for comodities
2023-04-10 19:16:25,687 INFO    Searching for comodities
2023-04-10 19:17:05,597 INFO    Searching for comodities
2023-04-10 19:17:37,839 INFO    Searching for comodities
2023-04-10 19:18:10,423 INFO    Searching for comodities
2023-04-10 19:18:43,599 INFO    Searching for comodities
2023-04-10 19:19:16,037 INFO    Searching for comodities
2023-04-10 19:20:09,957 INFO    Searching for comodities
2023-04-10 19:20:46,761 INFO    Searching for comodities
2023-04-10 19:21:18,733 INFO    Searching for comodities
2023-04-10 19:21:50,937 INFO    Searching for comodities
2023-04-10 19:22:23,245 INFO    Searching for comodities
2023-04-10 19:22:57,595 INFO    Searching for comodities
2023-04-10 19:23:50,411 INFO    Searching for comodities
2023-04-10 19:24:28,670 INFO    Searching for comodities
2023-04-10 19:25:04,100 INFO    Searching for comodities
2023-04-10 19:25:38,428 INFO    Searching for comodities
2023-04-10 19:26:12,026 INFO    Searching for comodities
2023-04-10 19:26:44,783 INFO    Searching for comodities
2023-04-10 19:27:38,145 INFO    Searching for comodities
2023-04-10 19:28:14,764 INFO    Searching for comodities
2023-04-10 19:28:47,244 INFO    Searching for comodities
2023-04-10 19:29:19,794 INFO    Searching for comodities
2023-04-10 19:29:52,624 INFO    Searching for comodities
2023-04-10 19:30:26,859 INFO    Searching for comodities
2023-04-10 19:31:19,863 INFO    Searching for comodities
2023-04-10 19:31:56,093 INFO    Searching for comodities
2023-04-10 19:32:28,605 INFO    Searching for comodities
2023-04-10 19:33:01,203 INFO    Searching for comodities
2023-04-10 19:33:33,730 INFO    Searching for comodities
2023-04-10 19:34:07,999 INFO    Searching for comodities
2023-04-10 19:35:01,174 INFO    Searching for comodities
2023-04-10 19:35:37,488 INFO    Searching for comodities
2023-04-10 19:36:11,347 INFO    Searching for comodities
2023-04-10 19:36:43,975 INFO    Searching for comodities
2023-04-10 19:37:20,635 INFO    Searching for comodities
2023-04-11 08:20:39,046 INFO    Searching for comodities
2023-04-11 08:21:24,006 ERROR   WebDriverException
2023-04-11 08:24:04,658 WARNING Retrying (Retry(total=1, connect=None, read=None, redirect=None, status=None)) after connection broken by 'ReadTimeoutError("HTTPSConnectionPool(host='nominatim.openstreetmap.org', port=443): Read timed out. (read timeout=1)")': /reverse?lat=-20.3886&lon=-43.50319&format=json&accept-language=es&addressdetails=1
2023-04-11 08:29:19,283 ERROR   Exception in BoundingBox_from_geopy: exiting
Traceback (most recent call last):
  File "C:\mono\airbnb-data-collection\airbnb_geocoding.py", line 380, in from_geopy
    print(location.address)
          ^^^^^^^^^^^^^^^^
AttributeError: 'NoneType' object has no attribute 'address'
