2023-04-29 18:16:05,932 INFO    ====== WebDriver manager ======
2023-04-29 18:16:06,817 INFO    Get LATEST chromedriver version for google-chrome 112.0.5615
2023-04-29 18:16:07,591 INFO    Driver [C:\Users\Usuario\.wdm\drivers\chromedriver\win32\112.0.5615\chromedriver.exe] found in cache
2023-04-29 18:16:22,208 INFO    ====== WebDriver manager ======
2023-04-29 18:16:22,746 INFO    Get LATEST chromedriver version for google-chrome 112.0.5615
2023-04-29 18:16:23,469 INFO    Driver [C:\Users\Usuario\.wdm\drivers\chromedriver\win32\112.0.5615\chromedriver.exe] found in cache
2023-04-29 18:16:43,883 INFO    ====== WebDriver manager ======
2023-04-29 18:16:44,579 INFO    Get LATEST chromedriver version for google-chrome 112.0.5615
2023-04-29 18:16:46,025 INFO    Driver [C:\Users\Usuario\.wdm\drivers\chromedriver\win32\112.0.5615\chromedriver.exe] found in cache
2023-04-29 18:17:09,549 INFO    ====== WebDriver manager ======
2023-04-29 18:17:10,832 INFO    Get LATEST chromedriver version for google-chrome 112.0.5615
2023-04-29 18:17:11,648 INFO    Driver [C:\Users\Usuario\.wdm\drivers\chromedriver\win32\112.0.5615\chromedriver.exe] found in cache
2023-04-29 18:17:31,171 INFO    ====== WebDriver manager ======
2023-04-29 18:17:34,022 INFO    Get LATEST chromedriver version for google-chrome 112.0.5615
2023-04-29 18:17:34,783 INFO    Driver [C:\Users\Usuario\.wdm\drivers\chromedriver\win32\112.0.5615\chromedriver.exe] found in cache
2023-04-29 18:18:02,930 INFO    ====== WebDriver manager ======
2023-04-29 18:18:05,291 INFO    Get LATEST chromedriver version for google-chrome 112.0.5615
2023-04-29 18:18:06,239 INFO    Driver [C:\Users\Usuario\.wdm\drivers\chromedriver\win32\112.0.5615\chromedriver.exe] found in cache
2023-04-29 18:18:39,089 INFO    ====== WebDriver manager ======
2023-04-29 18:18:39,834 INFO    Get LATEST chromedriver version for google-chrome 112.0.5615
2023-04-29 18:18:40,535 INFO    Driver [C:\Users\Usuario\.wdm\drivers\chromedriver\win32\112.0.5615\chromedriver.exe] found in cache
2023-04-29 18:18:59,862 ERROR   Top level exception handler: quitting.
Traceback (most recent call last):
  File "C:\mono\airbnb-data-collection\search.py", line 360, in main
    full_process(ab_config,args.platform, args.full_survey)
  File "C:\mono\airbnb-data-collection\search.py", line 244, in full_process
    survey_id = execute_search(ab_config, platform, search_area_name, fill_bnb_with_selenium, start_date, finish_date, super_survey_id)
                ^^^^^^^^^^^^^^^^^^^^^^^^^^^^^^^^^^^^^^^^^^^^^^^^^^^^^^^^^^^^^^^^^^^^^^^^^^^^^^^^^^^^^^^^^^^^^^^^^^^^^^^^^^^^^^^^^^^^^^^
  File "C:\mono\airbnb-data-collection\search.py", line 214, in execute_search
    search_booking_rooms(ab_config, search_area_name, start_date, finish_date, survey_id)
  File "C:\mono\airbnb-data-collection\booking.py", line 457, in search_booking_rooms
    listing.find_reviews_quantity(hotel_page)
  File "C:\mono\airbnb-data-collection\booking.py", line 288, in find_reviews_quantity
    r = element.text.split('Avaliações de hóspedes (')[1].split(')')[0]
        ~~~~~~~~~~~~~~~~~~~~~~~~~~~~~~~~~~~~~~~~~~~~~~^^^
IndexError: list index out of range
