2023-04-29 11:18:05,453 INFO    ======================================================================
2023-04-29 11:18:05,454 INFO    Survey 292, for Ouro Preto, Minas Gerais
2023-04-29 11:18:05,455 INFO    Searching by bounding box, max_zoom=24
2023-04-29 11:18:05,455 INFO    ----------------------------------------------------------------------
2023-04-29 11:18:05,456 INFO    Rectangle calculated: [-20.2519, -43.4372, -20.5229, -43.7846]
2023-04-29 11:18:05,456 INFO    Searching rectangle: zoom factor = 0, node = []
2023-04-29 11:18:23,695 WARNING Retrying (Retry(total=1, connect=None, read=None, redirect=None, status=None)) after connection broken by 'ConnectTimeoutError(<urllib3.connection.HTTPSConnection object at 0x000001E6A0871110>, 'Connection to nominatim.openstreetmap.org timed out. (connect timeout=1)')': /reverse?lat=-20.38162&lon=-43.50963&format=json&accept-language=es&addressdetails=1
2023-04-29 11:18:25,709 WARNING Retrying (Retry(total=0, connect=None, read=None, redirect=None, status=None)) after connection broken by 'ConnectTimeoutError(<urllib3.connection.HTTPSConnection object at 0x000001E69F4AC510>, 'Connection to nominatim.openstreetmap.org timed out. (connect timeout=1)')': /reverse?lat=-20.38162&lon=-43.50963&format=json&accept-language=es&addressdetails=1
2023-04-29 11:18:29,680 WARNING Retrying (Retry(total=1, connect=None, read=None, redirect=None, status=None)) after connection broken by 'ConnectTimeoutError(<urllib3.connection.HTTPSConnection object at 0x000001E6A08637D0>, 'Connection to nominatim.openstreetmap.org timed out. (connect timeout=1)')': /reverse?lat=-20.38331&lon=-43.51566&format=json&accept-language=es&addressdetails=1
2023-04-29 11:18:45,439 INFO    Page 01 returned 18 listings
2023-04-29 11:19:17,509 INFO    Page 02 returned 18 listings
2023-04-29 11:19:17,928 WARNING HTTP status 403 from web site: IP address blocked. Waiting 0.1 minutes.
2023-04-29 11:19:55,804 INFO    Page 03 returned 18 listings
2023-04-29 11:20:01,765 WARNING Retrying (Retry(total=1, connect=None, read=None, redirect=None, status=None)) after connection broken by 'ReadTimeoutError("HTTPSConnectionPool(host='nominatim.openstreetmap.org', port=443): Read timed out. (read timeout=1)")': /reverse?lat=-20.37587&lon=-43.49002&format=json&accept-language=es&addressdetails=1
2023-04-29 11:20:04,351 WARNING Retrying (Retry(total=0, connect=None, read=None, redirect=None, status=None)) after connection broken by 'ReadTimeoutError("HTTPSConnectionPool(host='nominatim.openstreetmap.org', port=443): Read timed out. (read timeout=1)")': /reverse?lat=-20.37587&lon=-43.49002&format=json&accept-language=es&addressdetails=1
2023-04-29 11:20:10,468 WARNING Retrying (Retry(total=1, connect=None, read=None, redirect=None, status=None)) after connection broken by 'ConnectTimeoutError(<urllib3.connection.HTTPSConnection object at 0x000001E6A04156D0>, 'Connection to nominatim.openstreetmap.org timed out. (connect timeout=1)')': /reverse?lat=-20.38203&lon=-43.50467&format=json&accept-language=es&addressdetails=1
2023-04-29 11:20:17,348 WARNING Retrying (Retry(total=1, connect=None, read=None, redirect=None, status=None)) after connection broken by 'ConnectTimeoutError(<urllib3.connection.HTTPSConnection object at 0x000001E6A083A110>, 'Connection to nominatim.openstreetmap.org timed out. (connect timeout=1)')': /reverse?lat=-20.40777&lon=-43.49856&format=json&accept-language=es&addressdetails=1
2023-04-29 11:20:23,780 WARNING Retrying (Retry(total=1, connect=None, read=None, redirect=None, status=None)) after connection broken by 'ReadTimeoutError("HTTPSConnectionPool(host='nominatim.openstreetmap.org', port=443): Read timed out. (read timeout=1)")': /reverse?lat=-20.39216&lon=-43.50241&format=json&accept-language=es&addressdetails=1
2023-04-29 11:20:44,805 WARNING Retrying (Retry(total=1, connect=None, read=None, redirect=None, status=None)) after connection broken by 'ConnectTimeoutError(<urllib3.connection.HTTPSConnection object at 0x000001E6A0412190>, 'Connection to nominatim.openstreetmap.org timed out. (connect timeout=1)')': /reverse?lat=-20.38374&lon=-43.50985&format=json&accept-language=es&addressdetails=1
2023-04-29 11:20:46,824 WARNING Retrying (Retry(total=0, connect=None, read=None, redirect=None, status=None)) after connection broken by 'ConnectTimeoutError(<urllib3.connection.HTTPSConnection object at 0x000001E6A0411790>, 'Connection to nominatim.openstreetmap.org timed out. (connect timeout=1)')': /reverse?lat=-20.38374&lon=-43.50985&format=json&accept-language=es&addressdetails=1
2023-04-29 11:20:50,025 INFO    Page 04 returned 18 listings
2023-04-29 11:20:51,375 WARNING HTTP status 403 from web site: IP address blocked. Waiting 0.1 minutes.
2023-04-29 11:20:58,107 WARNING HTTP status 403 from web site: IP address blocked. Waiting 0.1 minutes.
2023-04-29 11:21:04,594 WARNING HTTP status 403 from web site: IP address blocked. Waiting 0.1 minutes.
2023-04-29 11:21:45,973 INFO    Page 05 returned 18 listings
2023-04-29 11:22:22,762 INFO    Page 06 returned 18 listings
2023-04-29 11:22:58,660 INFO    Page 07 returned 18 listings
2023-04-29 11:23:34,980 INFO    Page 08 returned 18 listings
2023-04-29 11:24:10,335 INFO    Page 09 returned 18 listings
2023-04-29 11:24:44,102 INFO    Page 10 returned 18 listings
2023-04-29 11:25:18,778 INFO    Page 11 returned 18 listings
2023-04-29 11:25:29,574 WARNING Retrying (Retry(total=1, connect=None, read=None, redirect=None, status=None)) after connection broken by 'ConnectTimeoutError(<urllib3.connection.HTTPSConnection object at 0x000001E6A0871650>, 'Connection to nominatim.openstreetmap.org timed out. (connect timeout=1)')': /reverse?lat=-20.38738&lon=-43.50049&format=json&accept-language=es&addressdetails=1
2023-04-29 11:25:54,179 INFO    Page 12 returned 18 listings
2023-04-29 11:26:00,861 WARNING Retrying (Retry(total=1, connect=None, read=None, redirect=None, status=None)) after connection broken by 'ConnectTimeoutError(<urllib3.connection.HTTPSConnection object at 0x000001E6A19204D0>, 'Connection to nominatim.openstreetmap.org timed out. (connect timeout=1)')': /reverse?lat=-20.37934&lon=-43.51977&format=json&accept-language=es&addressdetails=1
2023-04-29 11:26:32,553 INFO    Page 13 returned 18 listings
2023-04-29 11:26:34,196 WARNING HTTP status 403 from web site: IP address blocked. Waiting 0.1 minutes.
2023-04-29 11:26:45,304 WARNING HTTP status 403 from web site: IP address blocked. Waiting 0.1 minutes.
2023-04-29 11:26:54,920 WARNING HTTP status 403 from web site: IP address blocked. Waiting 0.1 minutes.
2023-04-29 11:27:05,748 WARNING HTTP status 403 from web site: IP address blocked. Waiting 0.1 minutes.
2023-04-29 11:27:44,367 WARNING Retrying (Retry(total=1, connect=None, read=None, redirect=None, status=None)) after connection broken by 'ConnectTimeoutError(<urllib3.connection.HTTPSConnection object at 0x000001E6A1922090>, 'Connection to nominatim.openstreetmap.org timed out. (connect timeout=1)')': /reverse?lat=-20.35169&lon=-43.67046&format=json&accept-language=es&addressdetails=1
2023-04-29 11:27:51,655 INFO    Page 14 returned 18 listings
2023-04-29 11:28:29,117 INFO    Page 15 returned 18 listings
2023-04-29 11:29:05,820 INFO    Page 16 returned 18 listings
2023-04-29 11:29:14,358 WARNING Retrying (Retry(total=1, connect=None, read=None, redirect=None, status=None)) after connection broken by 'ConnectTimeoutError(<urllib3.connection.HTTPSConnection object at 0x000001E6A0457FD0>, 'Connection to nominatim.openstreetmap.org timed out. (connect timeout=1)')': /reverse?lat=-20.31193&lon=-43.57901&format=json&accept-language=es&addressdetails=1
2023-04-29 11:29:39,850 INFO    Page 17 returned 18 listings
2023-04-29 11:30:20,849 INFO    Page 18 returned 18 listings
2023-04-29 11:30:21,045 WARNING HTTP status 403 from web site: IP address blocked. Waiting 0.1 minutes.
2023-04-29 11:31:00,050 INFO    Page 19 returned 18 listings
2023-04-29 11:31:41,337 INFO    Page 20 returned 18 listings
2023-04-29 11:31:45,101 WARNING HTTP status 403 from web site: IP address blocked. Waiting 0.1 minutes.
2023-04-29 11:31:57,708 WARNING HTTP status 403 from web site: IP address blocked. Waiting 0.1 minutes.
2023-04-29 11:32:09,619 WARNING HTTP status 403 from web site: IP address blocked. Waiting 0.1 minutes.
2023-04-29 11:32:27,291 WARNING HTTP status 403 from web site: IP address blocked. Waiting 0.1 minutes.
2023-04-29 11:32:43,465 WARNING HTTP status 403 from web site: IP address blocked. Waiting 0.1 minutes.
2023-04-29 11:33:31,805 INFO    Page 21 returned 18 listings
2023-04-29 11:33:38,199 WARNING HTTP status 403 from web site: IP address blocked. Waiting 0.1 minutes.
2023-04-29 11:33:48,813 WARNING HTTP status 403 from web site: IP address blocked. Waiting 0.1 minutes.
2023-04-29 11:34:10,849 WARNING HTTP status 403 from web site: IP address blocked. Waiting 0.1 minutes.
2023-04-29 11:35:00,030 INFO    Page 22 returned 18 listings
2023-04-29 11:35:37,107 INFO    Page 23 returned 18 listings
2023-04-29 11:36:15,545 INFO    Page 24 returned 18 listings
2023-04-29 11:36:44,396 WARNING Retrying (Retry(total=1, connect=None, read=None, redirect=None, status=None)) after connection broken by 'ConnectTimeoutError(<urllib3.connection.HTTPSConnection object at 0x000001E6A0878750>, 'Connection to nominatim.openstreetmap.org timed out. (connect timeout=1)')': /reverse?lat=-20.47432&lon=-43.51661&format=json&accept-language=es&addressdetails=1
2023-04-29 11:36:51,639 INFO    Page 25 returned 18 listings
2023-04-29 11:37:40,086 INFO    Page 26 returned 18 listings
2023-04-29 11:37:47,361 WARNING HTTP status 403 from web site: IP address blocked. Waiting 0.1 minutes.
2023-04-29 11:38:33,989 INFO    Page 27 returned 18 listings
2023-04-29 11:38:51,871 WARNING HTTP status 403 from web site: IP address blocked. Waiting 0.1 minutes.
2023-04-29 11:39:34,975 INFO    Page 28 returned 18 listings
2023-04-29 11:39:37,284 WARNING HTTP status 403 from web site: IP address blocked. Waiting 0.1 minutes.
2023-04-29 11:40:25,036 INFO    Page 29 returned 18 listings
2023-04-29 11:41:10,217 INFO    Page 30 returned 18 listings
2023-04-29 11:41:22,003 WARNING HTTP status 403 from web site: IP address blocked. Waiting 0.1 minutes.
2023-04-29 11:42:16,629 INFO    Page 31 returned 18 listings
2023-04-29 11:42:55,573 INFO    Page 32 returned 18 listings
2023-04-29 11:43:31,152 INFO    Page 33 returned 18 listings
2023-04-29 11:44:23,231 INFO    Page 34 returned 18 listings
2023-04-29 11:44:27,943 WARNING HTTP status 403 from web site: IP address blocked. Waiting 0.1 minutes.
2023-04-29 11:45:31,919 INFO    Page 35 returned 18 listings
2023-04-29 11:45:37,991 WARNING HTTP status 403 from web site: IP address blocked. Waiting 0.1 minutes.
2023-04-29 11:46:31,437 INFO    Page 36 returned 18 listings
2023-04-29 11:47:03,968 INFO    Page 37 returned 18 listings
2023-04-29 11:47:47,457 INFO    Page 38 returned 18 listings
2023-04-29 11:48:33,460 INFO    Page 39 returned 18 listings
2023-04-29 11:48:44,572 WARNING HTTP status 403 from web site: IP address blocked. Waiting 0.1 minutes.
2023-04-29 11:49:32,642 INFO    Page 40 returned 18 listings
2023-04-29 11:50:20,630 INFO    Page 41 returned 18 listings
2023-04-29 11:50:55,007 INFO    Page 42 returned 18 listings
2023-04-29 11:51:13,494 WARNING HTTP status 403 from web site: IP address blocked. Waiting 0.1 minutes.
2023-04-29 11:52:04,401 INFO    Page 43 returned 18 listings
2023-04-29 11:52:44,835 INFO    Page 44 returned 18 listings
2023-04-29 11:53:19,353 INFO    Page 45 returned 18 listings
2023-04-29 11:53:26,904 WARNING HTTP status 403 from web site: IP address blocked. Waiting 0.1 minutes.
2023-04-29 11:53:55,676 WARNING HTTP status 403 from web site: IP address blocked. Waiting 0.1 minutes.
2023-04-29 11:54:04,042 WARNING HTTP status 403 from web site: IP address blocked. Waiting 0.1 minutes.
2023-04-29 11:54:23,514 WARNING HTTP status 403 from web site: IP address blocked. Waiting 0.1 minutes.
2023-04-29 11:54:57,708 WARNING HTTP status 403 from web site: IP address blocked. Waiting 0.1 minutes.
2023-04-29 11:55:31,108 WARNING HTTP status 403 from web site: IP address blocked. Waiting 0.1 minutes.
2023-04-29 11:56:24,921 INFO    Page 46 returned 18 listings
2023-04-29 11:56:58,276 INFO    Page 47 returned 18 listings
2023-04-29 11:57:00,761 WARNING HTTP status 403 from web site: IP address blocked. Waiting 0.1 minutes.
2023-04-29 11:57:40,833 INFO    Page 48 returned 18 listings
2023-04-29 11:58:39,649 INFO    Page 49 returned 18 listings
2023-04-29 11:59:00,361 WARNING HTTP status 403 from web site: IP address blocked. Waiting 0.1 minutes.
2023-04-29 11:59:45,170 WARNING Retrying (Retry(total=1, connect=None, read=None, redirect=None, status=None)) after connection broken by 'ReadTimeoutError("HTTPSConnectionPool(host='nominatim.openstreetmap.org', port=443): Read timed out. (read timeout=1)")': /reverse?lat=-20.38631&lon=-43.49413&format=json&accept-language=es&addressdetails=1
2023-04-29 12:00:07,910 INFO    Page 50 returned 18 listings
2023-04-29 12:00:07,910 INFO    Results: 50 pages, 306 new rooms
2023-04-29 12:00:07,913 INFO    ----------------------------------------------------------------------
2023-04-29 12:00:07,913 INFO    Rectangle calculated: [-20.2519, -43.4372, -20.3874, -43.6109]
2023-04-29 12:00:07,914 INFO    Searching rectangle: zoom factor = 1, node = [[0, 0]]
2023-04-29 12:01:03,031 INFO    Page 01 returned 18 listings
2023-04-29 12:02:03,543 INFO    Page 02 returned 18 listings
2023-04-29 12:02:46,270 INFO    Page 03 returned 18 listings
2023-04-29 12:02:47,165 WARNING HTTP status 403 from web site: IP address blocked. Waiting 0.1 minutes.
2023-04-29 12:03:48,531 INFO    Page 04 returned 18 listings
2023-04-29 12:04:27,017 INFO    Page 05 returned 18 listings
2023-04-29 12:04:51,628 WARNING HTTP status 403 from web site: IP address blocked. Waiting 0.1 minutes.
2023-04-29 12:05:27,179 WARNING HTTP status 403 from web site: IP address blocked. Waiting 0.1 minutes.
2023-04-29 12:06:18,478 INFO    Page 06 returned 18 listings
2023-04-29 12:06:40,720 WARNING HTTP status 403 from web site: IP address blocked. Waiting 0.1 minutes.
2023-04-29 12:07:48,575 INFO    Page 07 returned 18 listings
2023-04-29 12:08:19,524 INFO    Page 08 returned 18 listings
2023-04-29 12:08:21,348 WARNING HTTP status 403 from web site: IP address blocked. Waiting 0.1 minutes.
2023-04-29 12:09:01,297 INFO    Page 09 returned 18 listings
2023-04-29 12:09:18,894 WARNING HTTP status 403 from web site: IP address blocked. Waiting 0.1 minutes.
2023-04-29 12:09:30,428 WARNING HTTP status 403 from web site: IP address blocked. Waiting 0.1 minutes.
2023-04-29 12:09:56,956 WARNING HTTP status 403 from web site: IP address blocked. Waiting 0.1 minutes.
2023-04-29 12:10:41,287 WARNING HTTP status 403 from web site: IP address blocked. Waiting 0.1 minutes.
2023-04-29 12:11:52,269 INFO    Page 10 returned 18 listings
2023-04-29 12:12:58,296 INFO    Page 11 returned 18 listings
2023-04-29 12:13:34,402 INFO    Page 12 returned 18 listings
2023-04-29 12:13:49,288 WARNING HTTP status 403 from web site: IP address blocked. Waiting 0.1 minutes.
2023-04-29 12:14:43,335 WARNING Retrying (Retry(total=1, connect=None, read=None, redirect=None, status=None)) after connection broken by 'ConnectTimeoutError(<urllib3.connection.HTTPSConnection object at 0x000001E6A0848DD0>, 'Connection to nominatim.openstreetmap.org timed out. (connect timeout=1)')': /reverse?lat=-20.38177&lon=-43.50166&format=json&accept-language=es&addressdetails=1
2023-04-29 12:14:45,035 INFO    Page 13 returned 18 listings
2023-04-29 12:15:29,727 INFO    Page 14 returned 18 listings
2023-04-29 12:15:37,255 WARNING HTTP status 403 from web site: IP address blocked. Waiting 0.1 minutes.
2023-04-29 12:16:56,737 INFO    Page 15 returned 18 listings
2023-04-29 12:17:56,880 INFO    Page 16 returned 18 listings
2023-04-29 12:18:56,316 INFO    Page 17 returned 18 listings
2023-04-29 12:19:57,430 INFO    Page 18 returned 18 listings
2023-04-29 12:20:24,725 ERROR   Exception in get_search_page_info_rectangle
Traceback (most recent call last):
  File "C:\mono\airbnb-data-collection\airbnb_listing.py", line 161, in save
    self.__insert()
  File "C:\mono\airbnb-data-collection\airbnb_listing.py", line 237, in __insert
    cur.close()
psycopg2.errors.InvalidTextRepresentation: invalid input syntax for type double precision: "30,164"
LINE 12:                 6, 3, 1.0, '30,164', 0, 2,  -20.38482,  -43....
                                    ^


During handling of the above exception, another exception occurred:

Traceback (most recent call last):
  File "C:\mono\airbnb-data-collection\airbnb_survey.py", line 809, in search_node
    if listing.save(self.config.FLAGS_INSERT_NO_REPLACE):
       ^^^^^^^^^^^^^^^^^^^^^^^^^^^^^^^^^^^^^^^^^^^^^^^^^
  File "C:\mono\airbnb-data-collection\airbnb_listing.py", line 171, in save
    self.config.connection.conn.rollback()
    ^^^^^^^^^^^^^^^^^^^^^^^^^^^
AttributeError: 'psycopg2.extensions.connection' object has no attribute 'conn'
2023-04-29 12:20:24,742 ERROR   Error in recurse_quadtree
Traceback (most recent call last):
  File "C:\mono\airbnb-data-collection\airbnb_listing.py", line 161, in save
    self.__insert()
  File "C:\mono\airbnb-data-collection\airbnb_listing.py", line 237, in __insert
    cur.close()
psycopg2.errors.InvalidTextRepresentation: invalid input syntax for type double precision: "30,164"
LINE 12:                 6, 3, 1.0, '30,164', 0, 2,  -20.38482,  -43....
                                    ^


During handling of the above exception, another exception occurred:

Traceback (most recent call last):
  File "C:\mono\airbnb-data-collection\airbnb_survey.py", line 525, in recurse_quadtree
    (zoomable, median_leaf) = self.search_node(
                              ^^^^^^^^^^^^^^^^^
  File "C:\mono\airbnb-data-collection\airbnb_survey.py", line 809, in search_node
    if listing.save(self.config.FLAGS_INSERT_NO_REPLACE):
       ^^^^^^^^^^^^^^^^^^^^^^^^^^^^^^^^^^^^^^^^^^^^^^^^^
  File "C:\mono\airbnb-data-collection\airbnb_listing.py", line 171, in save
    self.config.connection.conn.rollback()
    ^^^^^^^^^^^^^^^^^^^^^^^^^^^
AttributeError: 'psycopg2.extensions.connection' object has no attribute 'conn'
2023-04-29 12:20:24,754 ERROR   Error in recurse_quadtree
Traceback (most recent call last):
  File "C:\mono\airbnb-data-collection\airbnb_listing.py", line 161, in save
    self.__insert()
  File "C:\mono\airbnb-data-collection\airbnb_listing.py", line 237, in __insert
    cur.close()
psycopg2.errors.InvalidTextRepresentation: invalid input syntax for type double precision: "30,164"
LINE 12:                 6, 3, 1.0, '30,164', 0, 2,  -20.38482,  -43....
                                    ^


During handling of the above exception, another exception occurred:

Traceback (most recent call last):
  File "C:\mono\airbnb-data-collection\airbnb_survey.py", line 543, in recurse_quadtree
    self.recurse_quadtree(quadtree_node, median_node,
  File "C:\mono\airbnb-data-collection\airbnb_survey.py", line 525, in recurse_quadtree
    (zoomable, median_leaf) = self.search_node(
                              ^^^^^^^^^^^^^^^^^
  File "C:\mono\airbnb-data-collection\airbnb_survey.py", line 809, in search_node
    if listing.save(self.config.FLAGS_INSERT_NO_REPLACE):
       ^^^^^^^^^^^^^^^^^^^^^^^^^^^^^^^^^^^^^^^^^^^^^^^^^
  File "C:\mono\airbnb-data-collection\airbnb_listing.py", line 171, in save
    self.config.connection.conn.rollback()
    ^^^^^^^^^^^^^^^^^^^^^^^^^^^
AttributeError: 'psycopg2.extensions.connection' object has no attribute 'conn'
2023-04-29 12:20:24,765 ERROR   Error
Traceback (most recent call last):
  File "C:\mono\airbnb-data-collection\airbnb_listing.py", line 161, in save
    self.__insert()
  File "C:\mono\airbnb-data-collection\airbnb_listing.py", line 237, in __insert
    cur.close()
psycopg2.errors.InvalidTextRepresentation: invalid input syntax for type double precision: "30,164"
LINE 12:                 6, 3, 1.0, '30,164', 0, 2,  -20.38482,  -43....
                                    ^


During handling of the above exception, another exception occurred:

Traceback (most recent call last):
  File "C:\mono\airbnb-data-collection\airbnb_survey.py", line 463, in search
    self.recurse_quadtree(quadtree_node, median_node, None, flag)
  File "C:\mono\airbnb-data-collection\airbnb_survey.py", line 543, in recurse_quadtree
    self.recurse_quadtree(quadtree_node, median_node,
  File "C:\mono\airbnb-data-collection\airbnb_survey.py", line 525, in recurse_quadtree
    (zoomable, median_leaf) = self.search_node(
                              ^^^^^^^^^^^^^^^^^
  File "C:\mono\airbnb-data-collection\airbnb_survey.py", line 809, in search_node
    if listing.save(self.config.FLAGS_INSERT_NO_REPLACE):
       ^^^^^^^^^^^^^^^^^^^^^^^^^^^^^^^^^^^^^^^^^^^^^^^^^
  File "C:\mono\airbnb-data-collection\airbnb_listing.py", line 171, in save
    self.config.connection.conn.rollback()
    ^^^^^^^^^^^^^^^^^^^^^^^^^^^
AttributeError: 'psycopg2.extensions.connection' object has no attribute 'conn'
2023-04-29 12:20:24,774 INFO    Selecting coordinates list from Airbnb
2023-04-29 12:27:12,683 WARNING Retrying (Retry(total=1, connect=None, read=None, redirect=None, status=None)) after connection broken by 'ReadTimeoutError("HTTPSConnectionPool(host='nominatim.openstreetmap.org', port=443): Read timed out. (read timeout=1)")': /reverse?lat=-20.38486&lon=-43.50288&format=json&accept-language=es&addressdetails=1
2023-04-29 12:28:44,985 WARNING Retrying (Retry(total=1, connect=None, read=None, redirect=None, status=None)) after connection broken by 'ReadTimeoutError("HTTPSConnectionPool(host='nominatim.openstreetmap.org', port=443): Read timed out. (read timeout=1)")': /reverse?lat=-20.38357&lon=-43.51385&format=json&accept-language=es&addressdetails=1
2023-04-29 12:30:29,362 WARNING Retrying (Retry(total=1, connect=None, read=None, redirect=None, status=None)) after connection broken by 'ConnectTimeoutError(<urllib3.connection.HTTPSConnection object at 0x000001E6A192F150>, 'Connection to nominatim.openstreetmap.org timed out. (connect timeout=1)')': /reverse?lat=-20.38047&lon=-43.50272&format=json&accept-language=es&addressdetails=1
2023-04-29 12:32:29,276 INFO    Selecting sublocalities from city
2023-04-29 12:32:29,278 INFO    Selecting routes from sublocality
