2023-01-30 18:31:44,248 INFO    ======================================================================
2023-01-30 18:31:44,249 INFO    Survey 136, for Ouro Preto, Minas Gerais
2023-01-30 18:31:44,250 INFO    Searching by bounding box, max_zoom=24
2023-01-30 18:31:44,250 INFO    ----------------------------------------------------------------------
2023-01-30 18:31:44,251 INFO    Rectangle calculated: [-20.2519, -43.4372, -20.5229, -43.7846]
2023-01-30 18:31:44,251 INFO    Searching rectangle: zoom factor = 0, node = []
2023-01-30 18:31:45,644 INFO    Page 01 returned 18 listings
2023-01-30 18:31:46,338 INFO    Room 787734071865852313: insert failed
2023-01-30 18:31:46,367 INFO    Room 47939876: insert failed
2023-01-30 18:31:46,380 INFO    Room 562077789327146603: insert failed
2023-01-30 18:31:46,386 INFO    Room 568273495067211791: insert failed
2023-01-30 18:31:46,420 INFO    Room 732426078608851583: insert failed
2023-01-30 18:31:46,423 INFO    Room 40755446: insert failed
2023-01-30 18:31:46,472 INFO    Room 570774194989594387: insert failed
2023-01-30 18:31:46,514 INFO    Page 02 returned 18 listings
2023-01-30 18:31:47,818 INFO    Room 810873703458868756: insert failed
2023-01-30 18:31:47,828 INFO    Room 41502392: insert failed
2023-01-30 18:31:47,834 INFO    Room 552142717860208289: insert failed
2023-01-30 18:31:47,841 INFO    Room 52024666: insert failed
2023-01-30 18:31:47,971 INFO    Page 03 returned 18 listings
2023-01-30 18:31:48,198 WARNING HTTP status 403 from web site: IP address blocked. Waiting 0.1 minutes.
2023-01-30 18:31:56,583 INFO    Page 04 returned 18 listings
2023-01-30 18:31:58,042 WARNING HTTP status 403 from web site: IP address blocked. Waiting 0.1 minutes.
2023-01-30 18:32:05,061 INFO    Page 05 returned 00 listings
2023-01-30 18:32:05,062 INFO    Final page of listings for this search
2023-01-30 18:32:05,062 INFO    Results: 5 pages, 61 new rooms
2023-01-30 18:32:05,066 INFO    Finishing survey 136, for Ouro Preto, Minas Gerais
