2023-02-22 19:52:25,488 INFO    ======================================================================
2023-02-22 19:52:25,488 INFO    Survey 146, for Ouro Preto, Minas Gerais
2023-02-22 19:52:25,489 INFO    Searching by bounding box, max_zoom=24
2023-02-22 19:52:25,490 INFO    ----------------------------------------------------------------------
2023-02-22 19:52:25,490 INFO    Rectangle calculated: [-20.2519, -43.4372, -20.5229, -43.7846]
2023-02-22 19:52:25,490 INFO    Searching rectangle: zoom factor = 0, node = []
2023-02-22 19:52:26,197 WARNING HTTP status 400 from web site: IP address blocked. Waiting 0.1 minutes.
2023-02-22 19:52:33,244 WARNING HTTP status 403 from web site: IP address blocked. Waiting 0.1 minutes.
2023-02-22 19:52:39,725 WARNING HTTP status 400 from web site: IP address blocked. Waiting 0.1 minutes.
2023-02-22 19:52:46,888 WARNING HTTP status 403 from web site: IP address blocked. Waiting 0.1 minutes.
2023-02-22 19:52:55,895 WARNING HTTP status 403 from web site: IP address blocked. Waiting 0.1 minutes.
2023-02-22 19:53:07,657 WARNING HTTP status 400 from web site: IP address blocked. Waiting 0.1 minutes.
2023-02-22 19:53:14,285 WARNING HTTP status 403 from web site: IP address blocked. Waiting 0.1 minutes.
2023-02-22 19:53:23,427 WARNING HTTP status 403 from web site: IP address blocked. Waiting 0.1 minutes.
2023-02-22 19:53:33,037 WARNING HTTP status 403 from web site: IP address blocked. Waiting 0.1 minutes.
2023-02-22 19:53:43,503 WARNING HTTP status 400 from web site: IP address blocked. Waiting 0.1 minutes.
2023-02-22 19:53:50,438 WARNING HTTP status 400 from web site: IP address blocked. Waiting 0.1 minutes.
2023-02-22 19:54:03,005 WARNING HTTP status 403 from web site: IP address blocked. Waiting 0.1 minutes.
2023-02-22 19:54:16,867 WARNING HTTP status 403 from web site: IP address blocked. Waiting 0.1 minutes.
2023-02-22 19:54:30,629 WARNING HTTP status 400 from web site: IP address blocked. Waiting 0.1 minutes.
2023-02-22 19:54:42,017 WARNING HTTP status 400 from web site: IP address blocked. Waiting 0.1 minutes.
2023-02-22 19:54:55,851 WARNING HTTP status 400 from web site: IP address blocked. Waiting 0.1 minutes.
2023-02-22 19:55:05,515 WARNING HTTP status 400 from web site: IP address blocked. Waiting 0.1 minutes.
2023-02-22 19:55:25,227 WARNING HTTP status 403 from web site: IP address blocked. Waiting 0.1 minutes.
2023-02-22 19:55:38,366 WARNING HTTP status 403 from web site: IP address blocked. Waiting 0.1 minutes.
2023-02-22 19:55:58,885 WARNING HTTP status 400 from web site: IP address blocked. Waiting 0.1 minutes.
2023-02-22 19:56:04,888 WARNING No response received from request despite multiple attempts: {'_format': 'for_explore_search_web', '_intents': 'p1', 'adults': '0', 'allow_override[]': '', 'auto_ib': 'False', 'children': '0', 'client_session_id': '', 'experiences_per_grid': '20', 'federated_search_session_id': '45de42ea-60d4-49a9-9335-9e52789cd306', 'fetch_filters': 'True', 'guests': '0', 'guidebooks_per_grid': '20', 'has_zero_guest_treatment': 'True', 'infants': '0', 'is_guided_search': 'True', 'is_new_cards_experiment': 'True', 'is_standard_search': 'True', 'items_offset': '18', 'items_per_grid': '18', 'key': 'd306zoyjsyarp7ifhu67rjxn52tv0t20', 'luxury_pre_launch': 'False', 'metadata_only': 'False', 'query_understanding_enabled': 'True', 'refinement_paths[]': '/homes', 'search_type': 'PAGINATION', 'search_by_map': 'True', 'section_offset': 0, 'selected_tab_id': 'home_tab', 'show_groupings': 'True', 'supports_for_you_v3': 'True', 'timezone_offset': '-240', 'ne_lat': '-20.2519', 'ne_lng': '-43.4372', 'sw_lat': '-20.5229', 'sw_lng': '-43.7846', 'screen_size': 'medium', 'zoom': 'True'}
2023-02-22 19:56:06,570 WARNING HTTP status 403 from web site: IP address blocked. Waiting 0.1 minutes.
2023-02-22 19:56:18,390 WARNING HTTP status 403 from web site: IP address blocked. Waiting 0.1 minutes.
2023-02-22 19:56:34,415 WARNING HTTP status 400 from web site: IP address blocked. Waiting 0.1 minutes.
2023-02-22 19:56:50,737 WARNING HTTP status 400 from web site: IP address blocked. Waiting 0.1 minutes.
2023-02-22 19:57:03,335 WARNING HTTP status 400 from web site: IP address blocked. Waiting 0.1 minutes.
2023-02-22 19:57:22,725 WARNING HTTP status 403 from web site: IP address blocked. Waiting 0.1 minutes.
2023-02-22 19:57:38,544 WARNING HTTP status 403 from web site: IP address blocked. Waiting 0.1 minutes.
2023-02-22 19:57:55,254 WARNING HTTP status 403 from web site: IP address blocked. Waiting 0.1 minutes.
2023-02-22 19:58:11,807 WARNING HTTP status 400 from web site: IP address blocked. Waiting 0.1 minutes.
2023-02-22 19:58:33,153 WARNING HTTP status 403 from web site: IP address blocked. Waiting 0.1 minutes.
2023-02-22 19:58:45,493 WARNING HTTP status 400 from web site: IP address blocked. Waiting 0.1 minutes.
2023-02-22 19:59:02,784 WARNING HTTP status 403 from web site: IP address blocked. Waiting 0.1 minutes.
2023-02-22 19:59:12,575 WARNING HTTP status 400 from web site: IP address blocked. Waiting 0.1 minutes.
2023-02-22 19:59:22,425 WARNING HTTP status 400 from web site: IP address blocked. Waiting 0.1 minutes.
2023-02-22 19:59:30,501 WARNING HTTP status 400 from web site: IP address blocked. Waiting 0.1 minutes.
2023-02-22 19:59:42,654 WARNING HTTP status 403 from web site: IP address blocked. Waiting 0.1 minutes.
2023-02-22 20:00:06,985 WARNING HTTP status 403 from web site: IP address blocked. Waiting 0.1 minutes.
2023-02-22 20:00:22,829 WARNING HTTP status 403 from web site: IP address blocked. Waiting 0.1 minutes.
2023-02-22 20:00:57,325 WARNING HTTP status 400 from web site: IP address blocked. Waiting 0.1 minutes.
2023-02-22 20:01:13,834 WARNING HTTP status 400 from web site: IP address blocked. Waiting 0.1 minutes.
2023-02-22 20:01:19,837 WARNING No response received from request despite multiple attempts: {'_format': 'for_explore_search_web', '_intents': 'p1', 'adults': '0', 'allow_override[]': '', 'auto_ib': 'False', 'children': '0', 'client_session_id': '', 'experiences_per_grid': '20', 'federated_search_session_id': '45de42ea-60d4-49a9-9335-9e52789cd306', 'fetch_filters': 'True', 'guests': '0', 'guidebooks_per_grid': '20', 'has_zero_guest_treatment': 'True', 'infants': '0', 'is_guided_search': 'True', 'is_new_cards_experiment': 'True', 'is_standard_search': 'True', 'items_offset': '18', 'items_per_grid': '18', 'key': 'd306zoyjsyarp7ifhu67rjxn52tv0t20', 'luxury_pre_launch': 'False', 'metadata_only': 'False', 'query_understanding_enabled': 'True', 'refinement_paths[]': '/homes', 'search_type': 'PAGINATION', 'search_by_map': 'True', 'section_offset': 1, 'selected_tab_id': 'home_tab', 'show_groupings': 'True', 'supports_for_you_v3': 'True', 'timezone_offset': '-240', 'ne_lat': '-20.2519', 'ne_lng': '-43.4372', 'sw_lat': '-20.5229', 'sw_lng': '-43.7846', 'screen_size': 'medium', 'zoom': 'True'}
2023-02-22 20:01:27,784 WARNING HTTP status 400 from web site: IP address blocked. Waiting 0.1 minutes.
2023-02-22 20:02:11,174 WARNING HTTP status 400 from web site: IP address blocked. Waiting 0.1 minutes.
2023-02-22 20:02:42,224 WARNING HTTP status 400 from web site: IP address blocked. Waiting 0.1 minutes.
2023-02-22 20:03:13,761 WARNING HTTP status 403 from web site: IP address blocked. Waiting 0.1 minutes.
2023-02-22 20:03:44,494 WARNING HTTP status 400 from web site: IP address blocked. Waiting 0.1 minutes.
2023-02-22 20:04:16,590 WARNING HTTP status 400 from web site: IP address blocked. Waiting 0.1 minutes.
2023-02-22 20:04:31,003 WARNING HTTP status 400 from web site: IP address blocked. Waiting 0.1 minutes.
2023-02-22 20:04:44,690 WARNING HTTP status 400 from web site: IP address blocked. Waiting 0.1 minutes.
2023-02-22 20:05:02,330 WARNING HTTP status 400 from web site: IP address blocked. Waiting 0.1 minutes.
2023-02-22 20:05:50,583 WARNING HTTP status 400 from web site: IP address blocked. Waiting 0.1 minutes.
2023-02-22 20:06:12,421 WARNING HTTP status 400 from web site: IP address blocked. Waiting 0.1 minutes.
2023-02-22 20:06:35,824 WARNING HTTP status 403 from web site: IP address blocked. Waiting 0.1 minutes.
2023-02-22 20:07:24,629 WARNING HTTP status 400 from web site: IP address blocked. Waiting 0.1 minutes.
2023-02-22 20:07:45,963 WARNING HTTP status 400 from web site: IP address blocked. Waiting 0.1 minutes.
2023-02-22 20:08:06,903 WARNING HTTP status 400 from web site: IP address blocked. Waiting 0.1 minutes.
2023-02-22 20:08:42,305 WARNING HTTP status 400 from web site: IP address blocked. Waiting 0.1 minutes.
