2023-04-29 11:09:17,522 INFO    ======================================================================
2023-04-29 11:09:17,523 INFO    Survey 282, for Ouro Preto, Minas Gerais
2023-04-29 11:09:17,523 INFO    Searching by bounding box, max_zoom=24
2023-04-29 11:09:17,524 INFO    ----------------------------------------------------------------------
2023-04-29 11:09:17,524 INFO    Rectangle calculated: [-20.2519, -43.4372, -20.5229, -43.7846]
2023-04-29 11:09:17,524 INFO    Searching rectangle: zoom factor = 0, node = []
2023-04-29 11:09:18,024 WARNING HTTP status 403 from web site: IP address blocked. Waiting 0.1 minutes.
2023-04-29 11:09:25,777 ERROR   AttributeError
2023-04-29 11:09:25,778 ERROR   Exception in get_search_page_info_rectangle
Traceback (most recent call last):
  File "C:\mono\airbnb-data-collection\airbnb_survey.py", line 809, in search_node
    if listing.save(self.config.FLAGS_INSERT_NO_REPLACE):
       ^^^^^^^^^^^^^^^^^^^^^^^^^^^^^^^^^^^^^^^^^^^^^^^^^
  File "C:\mono\airbnb-data-collection\airbnb_listing.py", line 160, in save
    if (self.config.FLAGS_INSERT_IN_LOCATION): self.location_id = reverse_geocode_coordinates_and_insert(self.config, self.lat, self.lng)
                                                                                                                      ^^^^^^^^
AttributeError: 'ABListing' object has no attribute 'lat'
2023-04-29 11:09:25,783 ERROR   Error in recurse_quadtree
Traceback (most recent call last):
  File "C:\mono\airbnb-data-collection\airbnb_survey.py", line 525, in recurse_quadtree
    (zoomable, median_leaf) = self.search_node(
                              ^^^^^^^^^^^^^^^^^
  File "C:\mono\airbnb-data-collection\airbnb_survey.py", line 809, in search_node
    if listing.save(self.config.FLAGS_INSERT_NO_REPLACE):
       ^^^^^^^^^^^^^^^^^^^^^^^^^^^^^^^^^^^^^^^^^^^^^^^^^
  File "C:\mono\airbnb-data-collection\airbnb_listing.py", line 160, in save
    if (self.config.FLAGS_INSERT_IN_LOCATION): self.location_id = reverse_geocode_coordinates_and_insert(self.config, self.lat, self.lng)
                                                                                                                      ^^^^^^^^
AttributeError: 'ABListing' object has no attribute 'lat'
2023-04-29 11:09:25,788 ERROR   Error
Traceback (most recent call last):
  File "C:\mono\airbnb-data-collection\airbnb_survey.py", line 463, in search
    self.recurse_quadtree(quadtree_node, median_node, None, flag)
  File "C:\mono\airbnb-data-collection\airbnb_survey.py", line 525, in recurse_quadtree
    (zoomable, median_leaf) = self.search_node(
                              ^^^^^^^^^^^^^^^^^
  File "C:\mono\airbnb-data-collection\airbnb_survey.py", line 809, in search_node
    if listing.save(self.config.FLAGS_INSERT_NO_REPLACE):
       ^^^^^^^^^^^^^^^^^^^^^^^^^^^^^^^^^^^^^^^^^^^^^^^^^
  File "C:\mono\airbnb-data-collection\airbnb_listing.py", line 160, in save
    if (self.config.FLAGS_INSERT_IN_LOCATION): self.location_id = reverse_geocode_coordinates_and_insert(self.config, self.lat, self.lng)
                                                                                                                      ^^^^^^^^
AttributeError: 'ABListing' object has no attribute 'lat'
2023-04-29 11:09:25,794 INFO    Selecting coordinates list from Airbnb
2023-04-29 11:09:25,796 INFO    Selecting sublocalities from city
2023-04-29 11:09:25,798 INFO    Selecting routes from sublocality
