2023-02-22 19:45:34,089 INFO    ======================================================================
2023-02-22 19:45:34,090 INFO    Survey 142, for Ouro Preto, Minas Gerais
2023-02-22 19:45:34,162 INFO    Searching by bounding box, max_zoom=24
2023-02-22 19:45:34,163 INFO    ----------------------------------------------------------------------
2023-02-22 19:45:34,163 INFO    Rectangle calculated: [-20.2519, -43.4372, -20.5229, -43.7846]
2023-02-22 19:45:34,163 INFO    Searching rectangle: zoom factor = 0, node = []
2023-02-22 19:45:34,838 WARNING HTTP status 403 from web site: IP address blocked. Waiting 0.1 minutes.
2023-02-22 19:45:41,198 WARNING HTTP status 400 from web site: IP address blocked. Waiting 0.1 minutes.
2023-02-22 19:45:49,097 WARNING HTTP status 400 from web site: IP address blocked. Waiting 0.1 minutes.
2023-02-22 19:45:55,898 WARNING HTTP status 403 from web site: IP address blocked. Waiting 0.1 minutes.
2023-02-22 19:46:04,092 WARNING HTTP status 400 from web site: IP address blocked. Waiting 0.1 minutes.
2023-02-22 19:46:11,438 WARNING HTTP status 400 from web site: IP address blocked. Waiting 0.1 minutes.
2023-02-22 19:46:22,269 WARNING HTTP status 400 from web site: IP address blocked. Waiting 0.1 minutes.
2023-02-22 19:46:30,940 WARNING HTTP status 400 from web site: IP address blocked. Waiting 0.1 minutes.
2023-02-22 19:46:43,055 WARNING HTTP status 403 from web site: IP address blocked. Waiting 0.1 minutes.
2023-02-22 19:46:57,700 WARNING HTTP status 403 from web site: IP address blocked. Waiting 0.1 minutes.
2023-02-22 19:47:11,343 WARNING HTTP status 400 from web site: IP address blocked. Waiting 0.1 minutes.
2023-02-22 19:47:22,924 WARNING HTTP status 400 from web site: IP address blocked. Waiting 0.1 minutes.
2023-02-22 19:47:31,033 WARNING HTTP status 403 from web site: IP address blocked. Waiting 0.1 minutes.
2023-02-22 19:47:42,604 WARNING HTTP status 400 from web site: IP address blocked. Waiting 0.1 minutes.
2023-02-22 19:48:01,088 WARNING HTTP status 400 from web site: IP address blocked. Waiting 0.1 minutes.
2023-02-22 19:48:12,362 WARNING HTTP status 403 from web site: IP address blocked. Waiting 0.1 minutes.
2023-02-22 19:48:18,851 WARNING HTTP status 400 from web site: IP address blocked. Waiting 0.1 minutes.
2023-02-22 19:48:29,857 WARNING HTTP status 403 from web site: IP address blocked. Waiting 0.1 minutes.
2023-02-22 19:48:48,579 WARNING HTTP status 400 from web site: IP address blocked. Waiting 0.1 minutes.
2023-02-22 19:49:03,184 WARNING HTTP status 400 from web site: IP address blocked. Waiting 0.1 minutes.
2023-02-22 19:49:09,186 WARNING No response received from request despite multiple attempts: {'_format': 'for_explore_search_web', '_intents': 'p1', 'adults': '0', 'allow_override[]': '', 'auto_ib': 'False', 'children': '0', 'client_session_id': '', 'experiences_per_grid': '20', 'federated_search_session_id': '45de42ea-60d4-49a9-9335-9e52789cd306', 'fetch_filters': 'True', 'guests': '0', 'guidebooks_per_grid': '20', 'has_zero_guest_treatment': 'True', 'infants': '0', 'is_guided_search': 'True', 'is_new_cards_experiment': 'True', 'is_standard_search': 'True', 'items_offset': '18', 'items_per_grid': '18', 'key': 'd306zoyjsyarp7ifhu67rjxn52tv0t20', 'luxury_pre_launch': 'False', 'metadata_only': 'False', 'query_understanding_enabled': 'True', 'refinement_paths[]': '/homes', 'search_type': 'PAGINATION', 'search_by_map': 'True', 'section_offset': 0, 'selected_tab_id': 'home_tab', 'show_groupings': 'True', 'supports_for_you_v3': 'True', 'timezone_offset': '-240', 'ne_lat': '-20.2519', 'ne_lng': '-43.4372', 'sw_lat': '-20.5229', 'sw_lng': '-43.7846', 'screen_size': 'medium', 'zoom': 'True'}
2023-02-22 19:49:11,258 WARNING HTTP status 400 from web site: IP address blocked. Waiting 0.1 minutes.
2023-02-22 19:49:21,338 WARNING HTTP status 403 from web site: IP address blocked. Waiting 0.1 minutes.
