2023-01-30 17:44:24,017 INFO    ======================================================================
2023-01-30 17:44:24,017 INFO    Survey 114, for Ouro Preto, Minas Gerais
2023-01-30 17:44:24,018 INFO    Searching by bounding box, max_zoom=24
2023-01-30 17:44:24,018 INFO    ----------------------------------------------------------------------
2023-01-30 17:44:24,019 INFO    Rectangle calculated: [-20.2519, -43.4372, -20.5229, -43.7846]
2023-01-30 17:44:24,019 INFO    Searching rectangle: zoom factor = 0, node = []
2023-01-30 17:44:24,338 WARNING HTTP status 403 from web site: IP address blocked. Waiting 0.1 minutes.
2023-01-30 17:44:32,139 INFO    Page 01 returned 18 listings
2023-01-30 17:44:33,317 WARNING HTTP status 403 from web site: IP address blocked. Waiting 0.1 minutes.
2023-01-30 17:44:40,370 INFO    Room 47939876: insert failed
2023-01-30 17:44:40,378 INFO    Room 787734071865852313: insert failed
2023-01-30 17:44:40,386 INFO    Room 794011987542751252: insert failed
2023-01-30 17:44:40,394 INFO    Room 562077789327146603: insert failed
2023-01-30 17:44:40,402 INFO    Room 568273495067211791: insert failed
2023-01-30 17:44:40,409 INFO    Room 813266356122086543: insert failed
2023-01-30 17:44:40,418 INFO    Room 732426078608851583: insert failed
2023-01-30 17:44:40,434 INFO    Room 52305704: insert failed
2023-01-30 17:44:40,441 INFO    Room 808511569451469570: insert failed
2023-01-30 17:44:40,451 INFO    Room 43805080: insert failed
2023-01-30 17:44:40,455 INFO    Room 52024666: insert failed
2023-01-30 17:44:40,466 INFO    Room 42158217: insert failed
2023-01-30 17:44:40,467 INFO    Room 570774194989594387: insert failed
2023-01-30 17:44:40,547 INFO    Room 50723507: insert failed
2023-01-30 17:44:40,555 INFO    Room 42270186: insert failed
2023-01-30 17:44:40,563 INFO    Room 758263738755481654: insert failed
2023-01-30 17:44:40,564 INFO    Page 02 returned 18 listings
2023-01-30 17:44:41,554 WARNING HTTP status 403 from web site: IP address blocked. Waiting 0.1 minutes.
