2023-01-30 18:16:34,608 INFO    ======================================================================
2023-01-30 18:16:34,609 INFO    Survey 134, for Ouro Preto, Minas Gerais
2023-01-30 18:16:34,610 INFO    Searching by bounding box, max_zoom=24
2023-01-30 18:16:34,611 INFO    ----------------------------------------------------------------------
2023-01-30 18:16:34,611 INFO    Rectangle calculated: [-20.2519, -43.4372, -20.5229, -43.7846]
2023-01-30 18:16:34,612 INFO    Searching rectangle: zoom factor = 0, node = []
2023-01-30 18:16:35,955 INFO    Page 01 returned 18 listings
2023-01-30 18:16:36,475 WARNING HTTP status 403 from web site: IP address blocked. Waiting 0.1 minutes.
2023-01-30 18:16:43,204 WARNING HTTP status 403 from web site: IP address blocked. Waiting 0.1 minutes.
2023-01-30 18:16:50,436 INFO    Room 562077789327146603: insert failed
2023-01-30 18:16:50,449 INFO    Room 568273495067211791: insert failed
2023-01-30 18:16:50,455 INFO    Room 43805080: insert failed
2023-01-30 18:16:50,467 INFO    Room 794011987542751252: insert failed
2023-01-30 18:16:50,473 INFO    Room 47939876: insert failed
2023-01-30 18:16:50,506 INFO    Room 42158217: insert failed
2023-01-30 18:16:50,534 INFO    Room 570774194989594387: insert failed
2023-01-30 18:16:50,546 INFO    Room 758263738755481654: insert failed
2023-01-30 18:16:50,575 INFO    Page 02 returned 18 listings
2023-01-30 18:16:53,068 INFO    Page 03 returned 00 listings
2023-01-30 18:16:53,072 INFO    Final page of listings for this search
2023-01-30 18:16:53,072 INFO    Results: 3 pages, 28 new rooms
2023-01-30 18:16:53,074 INFO    Finishing survey 134, for Ouro Preto, Minas Gerais
