2023-03-07 13:59:40,587 INFO    ======================================================================
2023-03-07 13:59:40,587 INFO    Survey 156, for Ouro Preto, Minas Gerais
2023-03-07 13:59:40,643 INFO    Searching by bounding box, max_zoom=24
2023-03-07 13:59:40,644 INFO    ----------------------------------------------------------------------
2023-03-07 13:59:40,645 INFO    Rectangle calculated: [-20.2519, -43.4372, -20.5229, -43.7846]
2023-03-07 13:59:40,645 INFO    Searching rectangle: zoom factor = 0, node = []
2023-03-07 13:59:44,638 INFO    Page 01 returned 18 listings
2023-03-07 13:59:45,896 INFO    Room 45452801: insert failed
2023-03-07 13:59:45,909 INFO    Room 47939876: insert failed
2023-03-07 13:59:45,912 INFO    Room 770977262407924429: insert failed
2023-03-07 13:59:45,916 INFO    Room 568273495067211791: insert failed
2023-03-07 13:59:45,969 INFO    Room 30403033: insert failed
2023-03-07 13:59:45,971 INFO    Room 811376203986675036: insert failed
2023-03-07 13:59:45,981 INFO    Room 41078755: insert failed
2023-03-07 13:59:45,984 INFO    Room 787734071865852313: insert failed
2023-03-07 13:59:45,988 INFO    Room 650587689817510894: insert failed
2023-03-07 13:59:46,003 INFO    Room 731014935944515463: insert failed
2023-03-07 13:59:46,013 INFO    Room 16844691: insert failed
2023-03-07 13:59:46,022 INFO    Room 732426078608851583: insert failed
2023-03-07 13:59:46,026 INFO    Room 52305704: insert failed
2023-03-07 13:59:46,029 INFO    Room 841172626179134958: insert failed
2023-03-07 13:59:46,030 INFO    Room 833306856028758728: insert failed
2023-03-07 13:59:46,030 INFO    Page 02 returned 18 listings
2023-03-07 13:59:47,190 INFO    Room 53346940: insert failed
2023-03-07 13:59:47,195 INFO    Room 758263738755481654: insert failed
2023-03-07 13:59:47,198 INFO    Room 47940589: insert failed
2023-03-07 13:59:47,211 INFO    Page 03 returned 05 listings
2023-03-07 13:59:47,211 INFO    Final page of listings for this search
2023-03-07 13:59:47,211 INFO    Results: 3 pages, 23 new rooms
2023-03-07 13:59:47,310 INFO    Finishing survey 156, for Ouro Preto, Minas Gerais
