2023-04-29 11:07:50,079 INFO    ======================================================================
2023-04-29 11:07:50,080 INFO    Survey 280, for Ouro Preto, Minas Gerais
2023-04-29 11:07:50,081 INFO    Searching by bounding box, max_zoom=24
2023-04-29 11:07:50,082 INFO    ----------------------------------------------------------------------
2023-04-29 11:07:50,082 INFO    Rectangle calculated: [-20.2519, -43.4372, -20.5229, -43.7846]
2023-04-29 11:07:50,083 INFO    Searching rectangle: zoom factor = 0, node = []
2023-04-29 11:07:50,222 WARNING HTTP status 403 from web site: IP address blocked. Waiting 0.1 minutes.
2023-04-29 11:07:57,478 ERROR   Exception saving room
2023-04-29 11:07:57,478 ERROR   Exception in get_search_page_info_rectangle
Traceback (most recent call last):
  File "C:\mono\airbnb-data-collection\airbnb_survey.py", line 809, in search_node
    if listing.save(self.config.FLAGS_INSERT_NO_REPLACE):
       ^^^^^^^^^^^^^^^^^^^^^^^^^^^^^^^^^^^^^^^^^^^^^^^^^
  File "C:\mono\airbnb-data-collection\airbnb_listing.py", line 158, in save
    if (self.config.FLAGS_INSERT_IN_LOCATION): self.location_id = reverse_geocode_coordinates_and_insert(self.config, self.lat, self.lng)
                                                                  ^^^^^^^^^^^^^^^^^^^^^^^^^^^^^^^^^^^^^^
NameError: name 'reverse_geocode_coordinates_and_insert' is not defined
2023-04-29 11:07:57,483 ERROR   Error in recurse_quadtree
Traceback (most recent call last):
  File "C:\mono\airbnb-data-collection\airbnb_survey.py", line 525, in recurse_quadtree
    (zoomable, median_leaf) = self.search_node(
                              ^^^^^^^^^^^^^^^^^
  File "C:\mono\airbnb-data-collection\airbnb_survey.py", line 809, in search_node
    if listing.save(self.config.FLAGS_INSERT_NO_REPLACE):
       ^^^^^^^^^^^^^^^^^^^^^^^^^^^^^^^^^^^^^^^^^^^^^^^^^
  File "C:\mono\airbnb-data-collection\airbnb_listing.py", line 158, in save
    if (self.config.FLAGS_INSERT_IN_LOCATION): self.location_id = reverse_geocode_coordinates_and_insert(self.config, self.lat, self.lng)
                                                                  ^^^^^^^^^^^^^^^^^^^^^^^^^^^^^^^^^^^^^^
NameError: name 'reverse_geocode_coordinates_and_insert' is not defined
2023-04-29 11:07:57,487 ERROR   Error
Traceback (most recent call last):
  File "C:\mono\airbnb-data-collection\airbnb_survey.py", line 463, in search
    self.recurse_quadtree(quadtree_node, median_node, None, flag)
  File "C:\mono\airbnb-data-collection\airbnb_survey.py", line 525, in recurse_quadtree
    (zoomable, median_leaf) = self.search_node(
                              ^^^^^^^^^^^^^^^^^
  File "C:\mono\airbnb-data-collection\airbnb_survey.py", line 809, in search_node
    if listing.save(self.config.FLAGS_INSERT_NO_REPLACE):
       ^^^^^^^^^^^^^^^^^^^^^^^^^^^^^^^^^^^^^^^^^^^^^^^^^
  File "C:\mono\airbnb-data-collection\airbnb_listing.py", line 158, in save
    if (self.config.FLAGS_INSERT_IN_LOCATION): self.location_id = reverse_geocode_coordinates_and_insert(self.config, self.lat, self.lng)
                                                                  ^^^^^^^^^^^^^^^^^^^^^^^^^^^^^^^^^^^^^^
NameError: name 'reverse_geocode_coordinates_and_insert' is not defined
2023-04-29 11:07:57,492 INFO    Selecting coordinates list from Airbnb
2023-04-29 11:07:57,495 INFO    Selecting sublocalities from city
2023-04-29 11:07:57,496 INFO    Selecting routes from sublocality
