2023-04-29 11:10:57,113 INFO    ======================================================================
2023-04-29 11:10:57,113 INFO    Survey 284, for Ouro Preto, Minas Gerais
2023-04-29 11:10:57,114 INFO    Searching by bounding box, max_zoom=24
2023-04-29 11:10:57,115 INFO    ----------------------------------------------------------------------
2023-04-29 11:10:57,115 INFO    Rectangle calculated: [-20.2519, -43.4372, -20.5229, -43.7846]
2023-04-29 11:10:57,116 INFO    Searching rectangle: zoom factor = 0, node = []
2023-04-29 11:11:00,414 ERROR   Exception saving room
2023-04-29 11:11:00,415 ERROR   Exception in get_search_page_info_rectangle
Traceback (most recent call last):
  File "C:\mono\airbnb-data-collection\airbnb_survey.py", line 809, in search_node
    if listing.save(self.config.FLAGS_INSERT_NO_REPLACE):
       ^^^^^^^^^^^^^^^^^^^^^^^^^^^^^^^^^^^^^^^^^^^^^^^^^
  File "C:\mono\airbnb-data-collection\airbnb_listing.py", line 161, in save
    self.__insert()
  File "C:\mono\airbnb-data-collection\airbnb_listing.py", line 235, in __insert
    cur.execute(sql, insert_args)
IndexError: tuple index out of range
2023-04-29 11:11:00,429 ERROR   Error in recurse_quadtree
Traceback (most recent call last):
  File "C:\mono\airbnb-data-collection\airbnb_survey.py", line 525, in recurse_quadtree
    (zoomable, median_leaf) = self.search_node(
                              ^^^^^^^^^^^^^^^^^
  File "C:\mono\airbnb-data-collection\airbnb_survey.py", line 809, in search_node
    if listing.save(self.config.FLAGS_INSERT_NO_REPLACE):
       ^^^^^^^^^^^^^^^^^^^^^^^^^^^^^^^^^^^^^^^^^^^^^^^^^
  File "C:\mono\airbnb-data-collection\airbnb_listing.py", line 161, in save
    self.__insert()
  File "C:\mono\airbnb-data-collection\airbnb_listing.py", line 235, in __insert
    cur.execute(sql, insert_args)
IndexError: tuple index out of range
2023-04-29 11:11:00,434 ERROR   Error
Traceback (most recent call last):
  File "C:\mono\airbnb-data-collection\airbnb_survey.py", line 463, in search
    self.recurse_quadtree(quadtree_node, median_node, None, flag)
  File "C:\mono\airbnb-data-collection\airbnb_survey.py", line 525, in recurse_quadtree
    (zoomable, median_leaf) = self.search_node(
                              ^^^^^^^^^^^^^^^^^
  File "C:\mono\airbnb-data-collection\airbnb_survey.py", line 809, in search_node
    if listing.save(self.config.FLAGS_INSERT_NO_REPLACE):
       ^^^^^^^^^^^^^^^^^^^^^^^^^^^^^^^^^^^^^^^^^^^^^^^^^
  File "C:\mono\airbnb-data-collection\airbnb_listing.py", line 161, in save
    self.__insert()
  File "C:\mono\airbnb-data-collection\airbnb_listing.py", line 235, in __insert
    cur.execute(sql, insert_args)
IndexError: tuple index out of range
2023-04-29 11:11:00,440 INFO    Selecting coordinates list from Airbnb
2023-04-29 11:11:00,442 INFO    Selecting sublocalities from city
2023-04-29 11:11:00,444 INFO    Selecting routes from sublocality
