2023-02-03 14:01:14,810 INFO    ======================================================================
2023-02-03 14:01:14,811 INFO    Survey 138, for Ouro Preto, Minas Gerais
2023-02-03 14:01:14,855 INFO    Searching by bounding box, max_zoom=24
2023-02-03 14:01:14,855 INFO    ----------------------------------------------------------------------
2023-02-03 14:01:14,855 INFO    Rectangle calculated: [-20.2519, -43.4372, -20.5229, -43.7846]
2023-02-03 14:01:14,856 INFO    Searching rectangle: zoom factor = 0, node = []
2023-02-03 14:01:18,514 INFO    Page 01 returned 18 listings
2023-02-03 14:01:18,919 WARNING HTTP status 403 from web site: IP address blocked. Waiting 0.1 minutes.
2023-02-03 14:01:26,146 WARNING HTTP status 403 from web site: IP address blocked. Waiting 0.1 minutes.
2023-02-03 14:01:35,326 INFO    Room 52305704: insert failed
2023-02-03 14:01:35,328 INFO    Room 758263738755481654: insert failed
2023-02-03 14:01:35,368 INFO    Room 732426078608851583: insert failed
2023-02-03 14:01:35,379 INFO    Room 817231483318867175: insert failed
2023-02-03 14:01:35,382 INFO    Room 43566178: insert failed
2023-02-03 14:01:35,385 INFO    Room 736390796820280107: insert failed
2023-02-03 14:01:35,387 INFO    Room 787734071865852313: insert failed
2023-02-03 14:01:35,387 INFO    Page 02 returned 18 listings
2023-02-03 14:01:36,341 WARNING HTTP status 403 from web site: IP address blocked. Waiting 0.1 minutes.
2023-02-03 14:01:43,305 WARNING HTTP status 403 from web site: IP address blocked. Waiting 0.1 minutes.
2023-02-03 14:01:54,315 INFO    Room 43805080: insert failed
2023-02-03 14:01:54,320 INFO    Room 714323517316563160: insert failed
2023-02-03 14:01:54,343 INFO    Page 03 returned 18 listings
2023-02-03 14:01:57,538 WARNING HTTP status 403 from web site: IP address blocked. Waiting 0.1 minutes.
2023-02-03 14:02:05,494 INFO    Room 794011987542751252: insert failed
2023-02-03 14:02:05,500 INFO    Room 51558179: insert failed
2023-02-03 14:02:05,502 INFO    Room 52024666: insert failed
2023-02-03 14:02:05,511 INFO    Room 795703502904526074: insert failed
2023-02-03 14:02:05,524 INFO    Page 04 returned 18 listings
2023-02-03 14:02:09,648 INFO    Room 42270186: insert failed
2023-02-03 14:02:09,660 INFO    Page 05 returned 18 listings
2023-02-03 14:02:10,219 WARNING HTTP status 403 from web site: IP address blocked. Waiting 0.1 minutes.
2023-02-03 14:02:20,586 INFO    Room 752794433692563075: insert failed
2023-02-03 14:02:20,593 INFO    Room 16844691: insert failed
2023-02-03 14:02:20,605 INFO    Page 06 returned 18 listings
2023-02-03 14:02:22,302 INFO    Room 763179323570545363: insert failed
2023-02-03 14:02:22,313 INFO    Room 24299849: insert failed
2023-02-03 14:02:22,325 INFO    Room 804228783517722214: insert failed
2023-02-03 14:02:22,331 INFO    Page 07 returned 18 listings
2023-02-03 14:02:27,950 INFO    Page 08 returned 00 listings
2023-02-03 14:02:27,951 INFO    Final page of listings for this search
2023-02-03 14:02:27,951 INFO    Results: 8 pages, 107 new rooms
2023-02-03 14:02:28,000 INFO    Finishing survey 138, for Ouro Preto, Minas Gerais
