2023-04-29 17:55:23,926 INFO    ====== WebDriver manager ======
2023-04-29 17:55:25,402 INFO    Get LATEST chromedriver version for google-chrome 112.0.5615
2023-04-29 17:55:26,293 INFO    Driver [C:\Users\Usuario\.wdm\drivers\chromedriver\win32\112.0.5615\chromedriver.exe] found in cache
2023-04-29 17:55:38,558 INFO    ====== WebDriver manager ======
2023-04-29 17:55:39,034 INFO    Get LATEST chromedriver version for google-chrome 112.0.5615
2023-04-29 17:55:39,588 INFO    Driver [C:\Users\Usuario\.wdm\drivers\chromedriver\win32\112.0.5615\chromedriver.exe] found in cache
2023-04-29 17:56:05,498 ERROR   AttributeError
2023-04-29 17:56:05,522 ERROR   Top level exception handler: quitting.
Traceback (most recent call last):
  File "C:\mono\airbnb-data-collection\search.py", line 360, in main
    full_process(ab_config,args.platform, args.full_survey)
  File "C:\mono\airbnb-data-collection\search.py", line 244, in full_process
    survey_id = execute_search(ab_config, platform, search_area_name, fill_bnb_with_selenium, start_date, finish_date, super_survey_id)
                ^^^^^^^^^^^^^^^^^^^^^^^^^^^^^^^^^^^^^^^^^^^^^^^^^^^^^^^^^^^^^^^^^^^^^^^^^^^^^^^^^^^^^^^^^^^^^^^^^^^^^^^^^^^^^^^^^^^^^^^
  File "C:\mono\airbnb-data-collection\search.py", line 214, in execute_search
    search_booking_rooms(ab_config, search_area_name, start_date, finish_date, survey_id)
  File "C:\mono\airbnb-data-collection\booking.py", line 456, in search_booking_rooms
    listing.find_room_informations(hotel_page) # needs to be the last call
    ^^^^^^^^^^^^^^^^^^^^^^^^^^^^^^^^^^^^^^^^^^^^^^^^^
  File "C:\mono\airbnb-data-collection\booking.py", line 82, in save
    try:
         
AttributeError: 'BListing' object has no attribute 'latitude'
