2023-04-29 11:06:19,482 INFO    ======================================================================
2023-04-29 11:06:19,483 INFO    Survey 278, for Ouro Preto, Minas Gerais
2023-04-29 11:06:19,485 INFO    Searching by bounding box, max_zoom=24
2023-04-29 11:06:19,486 INFO    ----------------------------------------------------------------------
2023-04-29 11:06:19,487 INFO    Rectangle calculated: [-20.2519, -43.4372, -20.5229, -43.7846]
2023-04-29 11:06:19,487 INFO    Searching rectangle: zoom factor = 0, node = []
2023-04-29 11:06:20,373 ERROR   Exception saving room
2023-04-29 11:06:20,374 ERROR   Exception in get_search_page_info_rectangle
Traceback (most recent call last):
  File "C:\mono\airbnb-data-collection\airbnb_survey.py", line 809, in search_node
    if listing.save(self.config.FLAGS_INSERT_NO_REPLACE):
       ^^^^^^^^^^^^^^^^^^^^^^^^^^^^^^^^^^^^^^^^^^^^^^^^^
  File "C:\mono\airbnb-data-collection\airbnb_listing.py", line 158, in save
    if (self.config.FLAGS_INSERT_IN_LOCATION): self.location_id = reverse_geocode_coordinates_and_insert(self.config, self.lat, self.lng)
                                                                  ^^^^^^^^^^^^^^^^^^^^^^^^^^^^^^^^^^^^^^
NameError: name 'reverse_geocode_coordinates_and_insert' is not defined
2023-04-29 11:06:20,386 ERROR   Error in recurse_quadtree
Traceback (most recent call last):
  File "C:\mono\airbnb-data-collection\airbnb_survey.py", line 525, in recurse_quadtree
    (zoomable, median_leaf) = self.search_node(
                              ^^^^^^^^^^^^^^^^^
  File "C:\mono\airbnb-data-collection\airbnb_survey.py", line 809, in search_node
    if listing.save(self.config.FLAGS_INSERT_NO_REPLACE):
       ^^^^^^^^^^^^^^^^^^^^^^^^^^^^^^^^^^^^^^^^^^^^^^^^^
  File "C:\mono\airbnb-data-collection\airbnb_listing.py", line 158, in save
    if (self.config.FLAGS_INSERT_IN_LOCATION): self.location_id = reverse_geocode_coordinates_and_insert(self.config, self.lat, self.lng)
                                                                  ^^^^^^^^^^^^^^^^^^^^^^^^^^^^^^^^^^^^^^
NameError: name 'reverse_geocode_coordinates_and_insert' is not defined
2023-04-29 11:06:20,397 ERROR   Error
Traceback (most recent call last):
  File "C:\mono\airbnb-data-collection\airbnb_survey.py", line 463, in search
    self.recurse_quadtree(quadtree_node, median_node, None, flag)
  File "C:\mono\airbnb-data-collection\airbnb_survey.py", line 525, in recurse_quadtree
    (zoomable, median_leaf) = self.search_node(
                              ^^^^^^^^^^^^^^^^^
  File "C:\mono\airbnb-data-collection\airbnb_survey.py", line 809, in search_node
    if listing.save(self.config.FLAGS_INSERT_NO_REPLACE):
       ^^^^^^^^^^^^^^^^^^^^^^^^^^^^^^^^^^^^^^^^^^^^^^^^^
  File "C:\mono\airbnb-data-collection\airbnb_listing.py", line 158, in save
    if (self.config.FLAGS_INSERT_IN_LOCATION): self.location_id = reverse_geocode_coordinates_and_insert(self.config, self.lat, self.lng)
                                                                  ^^^^^^^^^^^^^^^^^^^^^^^^^^^^^^^^^^^^^^
NameError: name 'reverse_geocode_coordinates_and_insert' is not defined
2023-04-29 11:06:20,411 ERROR   Top level exception handler: quitting.
Traceback (most recent call last):
  File "C:\mono\airbnb-data-collection\search.py", line 319, in main
    full_process(ab_config, "Airbnb", args.full_survey)
  File "C:\mono\airbnb-data-collection\search.py", line 208, in full_process
    identify_and_insert_locations(ab_config, platform, survey_id)
  File "C:\mono\airbnb-data-collection\airbnb_geocoding.py", line 761, in identify_and_insert_locations
    coordinates_list = get_coordinates_list(config, platform, survey_id)
                       ^^^^^^^^^^^^^^^^^^^^^^^^^^^^^^^^^^^^^^^^^^^^^^^^^
  File "C:\mono\airbnb-data-collection\airbnb_geocoding.py", line 754, in get_coordinates_list
    return select_command(config,
           ^^^^^^^^^^^^^^
NameError: name 'select_command' is not defined
