2023-04-28 19:01:58,524 INFO    ======================================================================
2023-04-28 19:01:58,526 INFO    Survey 268, for Ouro Preto, Minas Gerais
2023-04-28 19:01:58,581 INFO    Searching by bounding box, max_zoom=24
2023-04-28 19:01:58,582 INFO    ----------------------------------------------------------------------
2023-04-28 19:01:58,583 INFO    Rectangle calculated: [-20.2519, -43.4372, -20.5229, -43.7846]
2023-04-28 19:01:58,584 INFO    Searching rectangle: zoom factor = 0, node = []
2023-04-28 19:02:00,543 INFO    Page 01 returned 18 listings
2023-04-28 19:02:01,092 WARNING HTTP status 403 from web site: IP address blocked. Waiting 0.1 minutes.
2023-04-28 19:02:08,926 INFO    Page 02 returned 18 listings
2023-04-28 19:02:11,196 INFO    Page 03 returned 18 listings
2023-04-28 19:02:13,046 INFO    Page 04 returned 18 listings
2023-04-28 19:02:14,019 WARNING HTTP status 403 from web site: IP address blocked. Waiting 0.1 minutes.
2023-04-28 19:02:23,502 INFO    Page 05 returned 18 listings
2023-04-28 19:02:25,506 INFO    Page 06 returned 18 listings
2023-04-28 19:02:26,289 WARNING HTTP status 403 from web site: IP address blocked. Waiting 0.1 minutes.
2023-04-28 19:02:36,272 INFO    Page 07 returned 18 listings
2023-04-28 19:02:37,922 INFO    Page 08 returned 18 listings
2023-04-28 19:02:40,511 WARNING HTTP status 403 from web site: IP address blocked. Waiting 0.1 minutes.
2023-04-28 19:02:49,575 INFO    Page 09 returned 18 listings
2023-04-28 19:02:50,099 WARNING HTTP status 403 from web site: IP address blocked. Waiting 0.1 minutes.
2023-04-28 19:03:00,286 WARNING HTTP status 403 from web site: IP address blocked. Waiting 0.1 minutes.
